Using pre-set license
Built from '2020.3/staging' branch; Version is '2020.3.6f1 (338bb68529b2) revision 3378102'; Using compiler version '192528614'; Build Type 'Release'
OS: 'Windows 10 Home; OS build 19042.985; Version 2009; 64bit' Language: 'tr' Physical Memory: 8152 MB
BatchMode: 1, IsHumanControllingUs: 0, StartBugReporterOnCrash: 0, Is64bit: 1, IsPro: 0

 COMMAND LINE ARGUMENTS:
C:\Program Files\Unity\Hub\Editor\2020.3.6f1\Editor\Unity.exe
-adb2
-batchMode
-noUpm
-name
AssetImportWorker0
-projectPath
D:/UnityProjects/FlappyBird
-logFile
Logs/AssetImportWorker0.log
-srvPort
63990
Successfully changed project path to: D:/UnityProjects/FlappyBird
D:/UnityProjects/FlappyBird
Using Asset Import Pipeline V2.
Refreshing native plugins compatible for Editor in 37.74 ms, found 1 plugins.
Preloading 0 native plugins for Editor in 0.00 ms.
Initialize engine version: 2020.3.6f1 (338bb68529b2)
[Subsystems] Discovering subsystems at path C:/Program Files/Unity/Hub/Editor/2020.3.6f1/Editor/Data/Resources/UnitySubsystems
[Subsystems] Discovering subsystems at path D:/UnityProjects/FlappyBird/Assets
GfxDevice: creating device client; threaded=0
Direct3D:
    Version:  Direct3D 11.0 [level 11.0]
    Renderer: NVIDIA GeForce GTX 750 Ti (ID=0x1380)
    Vendor:   
    VRAM:     2007 MB
    Driver:   27.21.14.6140
Initialize mono
Mono path[0] = 'C:/Program Files/Unity/Hub/Editor/2020.3.6f1/Editor/Data/Managed'
Mono path[1] = 'C:/Program Files/Unity/Hub/Editor/2020.3.6f1/Editor/Data/MonoBleedingEdge/lib/mono/unityjit'
Mono config path = 'C:/Program Files/Unity/Hub/Editor/2020.3.6f1/Editor/Data/MonoBleedingEdge/etc'
Using monoOptions --debugger-agent=transport=dt_socket,embedding=1,server=y,suspend=n,address=127.0.0.1:56548
Begin MonoManager ReloadAssembly
Registering precompiled unity dll's ...
Register platform support module: C:/Program Files/Unity/Hub/Editor/2020.3.6f1/Editor/Data/PlaybackEngines/WebGLSupport/UnityEditor.WebGL.Extensions.dll
Register platform support module: C:/Program Files/Unity/Hub/Editor/2020.3.6f1/Editor/Data/PlaybackEngines/WindowsStandaloneSupport/UnityEditor.WindowsStandalone.Extensions.dll
Registered in 0.003085 seconds.
Native extension for WindowsStandalone target not found
Native extension for WebGL target not found
Refreshing native plugins compatible for Editor in 43.83 ms, found 1 plugins.
Preloading 0 native plugins for Editor in 0.00 ms.
Mono: successfully reloaded assembly
- Completed reload, in  2.266 seconds
Platform modules already initialized, skipping
Registering precompiled user dll's ...
Registered in 0.000888 seconds.
Begin MonoManager ReloadAssembly
Native extension for WindowsStandalone target not found
Native extension for WebGL target not found
Refreshing native plugins compatible for Editor in 37.82 ms, found 1 plugins.
Preloading 0 native plugins for Editor in 0.00 ms.
Mono: successfully reloaded assembly
- Completed reload, in  1.096 seconds
Platform modules already initialized, skipping
========================================================================
Worker process is ready to serve import requests
Launched and connected shader compiler UnityShaderCompiler.exe after 0.07 seconds
Refreshing native plugins compatible for Editor in 0.42 ms, found 1 plugins.
Preloading 0 native plugins for Editor in 0.00 ms.
Unloading 1816 Unused Serialized files (Serialized files now loaded: 0)
System memory in use before: 85.3 MB.
System memory in use after: 85.2 MB.

Unloading 24 unused Assets to reduce memory usage. Loaded Objects now: 2260.
Total: 2.745900 ms (FindLiveObjects: 0.207000 ms CreateObjectMapping: 0.148000 ms MarkObjects: 2.188500 ms  DeleteObjects: 0.200700 ms)

========================================================================
Received Import Request.
  path: Assets/Prefab/Borular.prefab
  artifactKey: Guid(35cf5b213592081498b09792a2653503) Importer(815301076,1909f56bfc062723c751e8b465ee728b)
Start importing Assets/Prefab/Borular.prefab using Guid(35cf5b213592081498b09792a2653503) Importer(815301076,1909f56bfc062723c751e8b465ee728b)  -> (artifact id: '071c8b8b2f5903a65c4f1206060ac22a') in 0.134337 seconds
  Import took 0.145264 seconds .

========================================================================
Received Import Request.
  Time since last request: 11.077455 seconds.
  path: Assets/Prefab/Borular.prefab
  artifactKey: Guid(35cf5b213592081498b09792a2653503) Importer(815301076,1909f56bfc062723c751e8b465ee728b)
Start importing Assets/Prefab/Borular.prefab using Guid(35cf5b213592081498b09792a2653503) Importer(815301076,1909f56bfc062723c751e8b465ee728b)  -> (artifact id: 'fc25df25a8757e5609557388b1f95748') in 0.014270 seconds
  Import took 0.032466 seconds .

========================================================================
Received Import Request.
  Time since last request: 1.947640 seconds.
  path: Assets/Prefab/Borular.prefab
  artifactKey: Guid(35cf5b213592081498b09792a2653503) Importer(815301076,1909f56bfc062723c751e8b465ee728b)
Start importing Assets/Prefab/Borular.prefab using Guid(35cf5b213592081498b09792a2653503) Importer(815301076,1909f56bfc062723c751e8b465ee728b)  -> (artifact id: '300ecc0459dd03b71ad2981f771ed7eb') in 0.015182 seconds
  Import took 0.033065 seconds .

========================================================================
Received Import Request.
  Time since last request: 1.987473 seconds.
  path: Assets/Prefab/Borular.prefab
  artifactKey: Guid(35cf5b213592081498b09792a2653503) Importer(815301076,1909f56bfc062723c751e8b465ee728b)
Start importing Assets/Prefab/Borular.prefab using Guid(35cf5b213592081498b09792a2653503) Importer(815301076,1909f56bfc062723c751e8b465ee728b)  -> (artifact id: '1ed6ae4bf2a7ba152d05a3d5bfb6d5d6') in 0.021333 seconds
  Import took 0.035848 seconds .

========================================================================
Received Import Request.
  Time since last request: 4.015237 seconds.
  path: Assets/Prefab/Borular.prefab
  artifactKey: Guid(35cf5b213592081498b09792a2653503) Importer(815301076,1909f56bfc062723c751e8b465ee728b)
Start importing Assets/Prefab/Borular.prefab using Guid(35cf5b213592081498b09792a2653503) Importer(815301076,1909f56bfc062723c751e8b465ee728b)  -> (artifact id: '535fa14323bc81d4d1e1d36188c64319') in 0.011635 seconds
  Import took 0.021661 seconds .

========================================================================
Received Import Request.
  Time since last request: 7.233633 seconds.
  path: Assets/Prefab/Borular.prefab
  artifactKey: Guid(35cf5b213592081498b09792a2653503) Importer(815301076,1909f56bfc062723c751e8b465ee728b)
Start importing Assets/Prefab/Borular.prefab using Guid(35cf5b213592081498b09792a2653503) Importer(815301076,1909f56bfc062723c751e8b465ee728b)  -> (artifact id: 'ee7d80add1c43e2a59acf728c92fe3d3') in 0.018859 seconds
  Import took 0.031585 seconds .

========================================================================
Received Import Request.
  Time since last request: 1.981862 seconds.
  path: Assets/Prefab/Borular.prefab
  artifactKey: Guid(35cf5b213592081498b09792a2653503) Importer(815301076,1909f56bfc062723c751e8b465ee728b)
Start importing Assets/Prefab/Borular.prefab using Guid(35cf5b213592081498b09792a2653503) Importer(815301076,1909f56bfc062723c751e8b465ee728b)  -> (artifact id: '68d2c083ea8c5a5cb56405d349b8b10a') in 0.020433 seconds
  Import took 0.033469 seconds .

========================================================================
Received Import Request.
  Time since last request: 603.129513 seconds.
  path: ProjectSettings/TagManager.asset
  artifactKey: Guid(00000000000000003000000000000000) Importer(815301076,1909f56bfc062723c751e8b465ee728b)
Start importing ProjectSettings/TagManager.asset using Guid(00000000000000003000000000000000) Importer(815301076,1909f56bfc062723c751e8b465ee728b)  -> (artifact id: '1a30fb7a2b54e4225cef51fdca2c4610') in 0.012804 seconds
  Import took 0.017747 seconds .

========================================================================
Received Prepare
Registering precompiled user dll's ...
Registered in 0.000959 seconds.
Begin MonoManager ReloadAssembly
Native extension for WindowsStandalone target not found
Native extension for WebGL target not found
Refreshing native plugins compatible for Editor in 4.58 ms, found 1 plugins.
Preloading 0 native plugins for Editor in 0.00 ms.
Mono: successfully reloaded assembly
- Completed reload, in  1.535 seconds
Platform modules already initialized, skipping
Refreshing native plugins compatible for Editor in 0.41 ms, found 1 plugins.
Preloading 0 native plugins for Editor in 0.00 ms.
Unloading 1811 Unused Serialized files (Serialized files now loaded: 0)
System memory in use before: 88.3 MB.
System memory in use after: 88.3 MB.

Unloading 13 unused Assets to reduce memory usage. Loaded Objects now: 2271.
Total: 2.043300 ms (FindLiveObjects: 0.216900 ms CreateObjectMapping: 0.082700 ms MarkObjects: 1.632600 ms  DeleteObjects: 0.109400 ms)

========================================================================
Received Prepare
Registering precompiled user dll's ...
Registered in 0.000861 seconds.
Begin MonoManager ReloadAssembly
Native extension for WindowsStandalone target not found
Native extension for WebGL target not found
Refreshing native plugins compatible for Editor in 0.39 ms, found 1 plugins.
Preloading 0 native plugins for Editor in 0.00 ms.
Mono: successfully reloaded assembly
- Completed reload, in  0.987 seconds
Platform modules already initialized, skipping
Refreshing native plugins compatible for Editor in 0.41 ms, found 1 plugins.
Preloading 0 native plugins for Editor in 0.00 ms.
Unloading 1811 Unused Serialized files (Serialized files now loaded: 0)
System memory in use before: 88.4 MB.
System memory in use after: 88.4 MB.

Unloading 12 unused Assets to reduce memory usage. Loaded Objects now: 2275.
Total: 2.414600 ms (FindLiveObjects: 0.418200 ms CreateObjectMapping: 0.189400 ms MarkObjects: 1.689700 ms  DeleteObjects: 0.116000 ms)

========================================================================
Received Prepare
Registering precompiled user dll's ...
Registered in 0.001138 seconds.
Begin MonoManager ReloadAssembly
Native extension for WindowsStandalone target not found
Native extension for WebGL target not found
Refreshing native plugins compatible for Editor in 0.34 ms, found 1 plugins.
Preloading 0 native plugins for Editor in 0.00 ms.
Mono: successfully reloaded assembly
- Completed reload, in  0.942 seconds
Platform modules already initialized, skipping
Refreshing native plugins compatible for Editor in 0.37 ms, found 1 plugins.
Preloading 0 native plugins for Editor in 0.00 ms.
Unloading 1811 Unused Serialized files (Serialized files now loaded: 0)
System memory in use before: 88.4 MB.
System memory in use after: 88.4 MB.

Unloading 12 unused Assets to reduce memory usage. Loaded Objects now: 2279.
Total: 2.411300 ms (FindLiveObjects: 0.231400 ms CreateObjectMapping: 0.093700 ms MarkObjects: 1.970900 ms  DeleteObjects: 0.113800 ms)

========================================================================
Received Prepare
Registering precompiled user dll's ...
Registered in 0.001281 seconds.
Begin MonoManager ReloadAssembly
Native extension for WindowsStandalone target not found
Native extension for WebGL target not found
Refreshing native plugins compatible for Editor in 0.51 ms, found 1 plugins.
Preloading 0 native plugins for Editor in 0.00 ms.
Mono: successfully reloaded assembly
- Completed reload, in  1.079 seconds
Platform modules already initialized, skipping
Refreshing native plugins compatible for Editor in 0.34 ms, found 1 plugins.
Preloading 0 native plugins for Editor in 0.00 ms.
Unloading 1811 Unused Serialized files (Serialized files now loaded: 0)
System memory in use before: 88.4 MB.
System memory in use after: 88.4 MB.

Unloading 12 unused Assets to reduce memory usage. Loaded Objects now: 2283.
Total: 2.187800 ms (FindLiveObjects: 0.273300 ms CreateObjectMapping: 0.125600 ms MarkObjects: 1.673500 ms  DeleteObjects: 0.114100 ms)

========================================================================
Received Prepare
Registering precompiled user dll's ...
Registered in 0.001238 seconds.
Begin MonoManager ReloadAssembly
Native extension for WindowsStandalone target not found
Native extension for WebGL target not found
Refreshing native plugins compatible for Editor in 0.36 ms, found 1 plugins.
Preloading 0 native plugins for Editor in 0.00 ms.
Mono: successfully reloaded assembly
- Completed reload, in  0.985 seconds
Platform modules already initialized, skipping
Refreshing native plugins compatible for Editor in 0.34 ms, found 1 plugins.
Preloading 0 native plugins for Editor in 0.00 ms.
Unloading 1811 Unused Serialized files (Serialized files now loaded: 0)
System memory in use before: 88.4 MB.
System memory in use after: 88.4 MB.

Unloading 12 unused Assets to reduce memory usage. Loaded Objects now: 2287.
Total: 2.604400 ms (FindLiveObjects: 0.409100 ms CreateObjectMapping: 0.161300 ms MarkObjects: 1.903500 ms  DeleteObjects: 0.127800 ms)

========================================================================
Received Prepare
Registering precompiled user dll's ...
Registered in 0.000968 seconds.
Begin MonoManager ReloadAssembly
Native extension for WindowsStandalone target not found
Native extension for WebGL target not found
Refreshing native plugins compatible for Editor in 0.35 ms, found 1 plugins.
Preloading 0 native plugins for Editor in 0.00 ms.
Mono: successfully reloaded assembly
- Completed reload, in  0.951 seconds
Platform modules already initialized, skipping
Refreshing native plugins compatible for Editor in 0.35 ms, found 1 plugins.
Preloading 0 native plugins for Editor in 0.00 ms.
Unloading 1811 Unused Serialized files (Serialized files now loaded: 0)
System memory in use before: 88.5 MB.
System memory in use after: 88.4 MB.

Unloading 12 unused Assets to reduce memory usage. Loaded Objects now: 2291.
Total: 2.274800 ms (FindLiveObjects: 0.359600 ms CreateObjectMapping: 0.142400 ms MarkObjects: 1.658200 ms  DeleteObjects: 0.113500 ms)

========================================================================
Received Import Request.
  Time since last request: 275.706118 seconds.
  path: Assets/Prefab/Borular.prefab
  artifactKey: Guid(35cf5b213592081498b09792a2653503) Importer(815301076,1909f56bfc062723c751e8b465ee728b)
Start importing Assets/Prefab/Borular.prefab using Guid(35cf5b213592081498b09792a2653503) Importer(815301076,1909f56bfc062723c751e8b465ee728b)  -> (artifact id: '1213e437aa76557e7201afa1c1e33140') in 0.067592 seconds
  Import took 0.090707 seconds .

========================================================================
Received Import Request.
  Time since last request: 0.202709 seconds.
  path: Assets/Prefab/Borular.prefab
  artifactKey: Guid(35cf5b213592081498b09792a2653503) Importer(815301076,1909f56bfc062723c751e8b465ee728b)
Start importing Assets/Prefab/Borular.prefab using Guid(35cf5b213592081498b09792a2653503) Importer(815301076,1909f56bfc062723c751e8b465ee728b)  -> (artifact id: '553c3d6eaa63cea6d47c61746e934520') in 0.017069 seconds
  Import took 0.029433 seconds .

========================================================================
Received Prepare
Registering precompiled user dll's ...
Registered in 0.000807 seconds.
Begin MonoManager ReloadAssembly
Native extension for WindowsStandalone target not found
Native extension for WebGL target not found
Refreshing native plugins compatible for Editor in 0.35 ms, found 1 plugins.
Preloading 0 native plugins for Editor in 0.00 ms.
Mono: successfully reloaded assembly
- Completed reload, in  0.956 seconds
Platform modules already initialized, skipping
Refreshing native plugins compatible for Editor in 0.38 ms, found 1 plugins.
Preloading 0 native plugins for Editor in 0.00 ms.
Unloading 1811 Unused Serialized files (Serialized files now loaded: 0)
System memory in use before: 88.5 MB.
System memory in use after: 88.4 MB.

Unloading 12 unused Assets to reduce memory usage. Loaded Objects now: 2296.
Total: 3.339500 ms (FindLiveObjects: 0.235600 ms CreateObjectMapping: 0.173400 ms MarkObjects: 2.762700 ms  DeleteObjects: 0.166100 ms)

========================================================================
Received Prepare
Registering precompiled user dll's ...
Registered in 0.001106 seconds.
Begin MonoManager ReloadAssembly
Native extension for WindowsStandalone target not found
Native extension for WebGL target not found
Refreshing native plugins compatible for Editor in 0.35 ms, found 1 plugins.
Preloading 0 native plugins for Editor in 0.00 ms.
Mono: successfully reloaded assembly
- Completed reload, in  1.155 seconds
Platform modules already initialized, skipping
Refreshing native plugins compatible for Editor in 0.33 ms, found 1 plugins.
Preloading 0 native plugins for Editor in 0.00 ms.
Unloading 1812 Unused Serialized files (Serialized files now loaded: 0)
System memory in use before: 88.5 MB.
System memory in use after: 88.5 MB.

Unloading 12 unused Assets to reduce memory usage. Loaded Objects now: 2301.
Total: 2.176600 ms (FindLiveObjects: 0.190200 ms CreateObjectMapping: 0.088100 ms MarkObjects: 1.787300 ms  DeleteObjects: 0.109800 ms)

========================================================================
Received Prepare
Registering precompiled user dll's ...
Registered in 0.000812 seconds.
Begin MonoManager ReloadAssembly
Native extension for WindowsStandalone target not found
Native extension for WebGL target not found
Refreshing native plugins compatible for Editor in 0.45 ms, found 1 plugins.
Preloading 0 native plugins for Editor in 0.00 ms.
Mono: successfully reloaded assembly
- Completed reload, in  1.004 seconds
Platform modules already initialized, skipping
Refreshing native plugins compatible for Editor in 0.33 ms, found 1 plugins.
Preloading 0 native plugins for Editor in 0.00 ms.
Unloading 1812 Unused Serialized files (Serialized files now loaded: 0)
System memory in use before: 88.5 MB.
System memory in use after: 88.5 MB.

Unloading 12 unused Assets to reduce memory usage. Loaded Objects now: 2305.
Total: 2.156400 ms (FindLiveObjects: 0.219800 ms CreateObjectMapping: 0.099900 ms MarkObjects: 1.709000 ms  DeleteObjects: 0.126800 ms)

========================================================================
Received Prepare
Registering precompiled user dll's ...
Registered in 0.000816 seconds.
Begin MonoManager ReloadAssembly
Native extension for WindowsStandalone target not found
Native extension for WebGL target not found
Refreshing native plugins compatible for Editor in 0.58 ms, found 1 plugins.
Preloading 0 native plugins for Editor in 0.00 ms.
Mono: successfully reloaded assembly
- Completed reload, in  1.229 seconds
Platform modules already initialized, skipping
Refreshing native plugins compatible for Editor in 0.38 ms, found 1 plugins.
Preloading 0 native plugins for Editor in 0.00 ms.
Unloading 1812 Unused Serialized files (Serialized files now loaded: 0)
System memory in use before: 88.5 MB.
System memory in use after: 88.5 MB.

Unloading 12 unused Assets to reduce memory usage. Loaded Objects now: 2309.
Total: 2.463500 ms (FindLiveObjects: 0.336100 ms CreateObjectMapping: 0.125400 ms MarkObjects: 1.881300 ms  DeleteObjects: 0.119000 ms)

========================================================================
Received Import Request.
  Time since last request: 144.297704 seconds.
  path: Assets/scripts/scoreTable.cs
  artifactKey: Guid(22816116dc585244daae0a02050795be) Importer(815301076,1909f56bfc062723c751e8b465ee728b)
Start importing Assets/scripts/scoreTable.cs using Guid(22816116dc585244daae0a02050795be) Importer(815301076,1909f56bfc062723c751e8b465ee728b)  -> (artifact id: '77b8b2b14a44fbef5e0eccc11ec8c69b') in 0.023939 seconds
  Import took 0.041989 seconds .

========================================================================
Received Import Request.
  Time since last request: 0.011113 seconds.
  path: Assets/scripts/scoreTable.cs
  artifactKey: Guid(22816116dc585244daae0a02050795be) Importer(815301076,1909f56bfc062723c751e8b465ee728b)
Start importing Assets/scripts/scoreTable.cs using Guid(22816116dc585244daae0a02050795be) Importer(815301076,1909f56bfc062723c751e8b465ee728b)  -> (artifact id: '77b8b2b14a44fbef5e0eccc11ec8c69b') in 0.010602 seconds
  Import took 0.015734 seconds .

========================================================================
Received Import Request.
  Time since last request: 7.658550 seconds.
  path: Assets/scripts/pipePool.cs
  artifactKey: Guid(71427e6d7d547384aaff75a9b8def649) Importer(815301076,1909f56bfc062723c751e8b465ee728b)
Start importing Assets/scripts/pipePool.cs using Guid(71427e6d7d547384aaff75a9b8def649) Importer(815301076,1909f56bfc062723c751e8b465ee728b)  -> (artifact id: '6f1abf6c7e324b1542c83f6e19c488c7') in 0.013821 seconds
  Import took 0.038211 seconds .

========================================================================
Received Import Request.
  Time since last request: 0.322462 seconds.
  path: Assets/scripts/destroyEtme.cs
  artifactKey: Guid(f5a9af028e69c524e90788d69328f7e8) Importer(815301076,1909f56bfc062723c751e8b465ee728b)
Start importing Assets/scripts/destroyEtme.cs using Guid(f5a9af028e69c524e90788d69328f7e8) Importer(815301076,1909f56bfc062723c751e8b465ee728b)  -> (artifact id: 'd04bae504fd620442d331ff0b6771c90') in 0.012930 seconds
  Import took 0.024746 seconds .

========================================================================
Received Prepare
Registering precompiled user dll's ...
Registered in 0.000984 seconds.
Begin MonoManager ReloadAssembly
Native extension for WindowsStandalone target not found
Native extension for WebGL target not found
Refreshing native plugins compatible for Editor in 0.39 ms, found 1 plugins.
Preloading 0 native plugins for Editor in 0.00 ms.
Mono: successfully reloaded assembly
- Completed reload, in  1.036 seconds
Platform modules already initialized, skipping
Refreshing native plugins compatible for Editor in 0.34 ms, found 1 plugins.
Preloading 0 native plugins for Editor in 0.00 ms.
Unloading 1812 Unused Serialized files (Serialized files now loaded: 0)
System memory in use before: 88.5 MB.
System memory in use after: 88.5 MB.

Unloading 12 unused Assets to reduce memory usage. Loaded Objects now: 2313.
Total: 2.604300 ms (FindLiveObjects: 0.393300 ms CreateObjectMapping: 0.164400 ms MarkObjects: 1.912700 ms  DeleteObjects: 0.132200 ms)

========================================================================
Received Import Request.
  Time since last request: 65.845937 seconds.
  path: Assets/scripts/destroyEtme.cs
  artifactKey: Guid(f5a9af028e69c524e90788d69328f7e8) Importer(815301076,1909f56bfc062723c751e8b465ee728b)
Start importing Assets/scripts/destroyEtme.cs using Guid(f5a9af028e69c524e90788d69328f7e8) Importer(815301076,1909f56bfc062723c751e8b465ee728b)  -> (artifact id: '7f6701816e8bee83365698aa6c2c85d0') in 0.006023 seconds
  Import took 0.025381 seconds .

========================================================================
Received Prepare
Registering precompiled user dll's ...
Registered in 0.001004 seconds.
Begin MonoManager ReloadAssembly
Native extension for WindowsStandalone target not found
Native extension for WebGL target not found
Refreshing native plugins compatible for Editor in 0.53 ms, found 1 plugins.
Preloading 0 native plugins for Editor in 0.00 ms.
Mono: successfully reloaded assembly
- Completed reload, in  1.034 seconds
Platform modules already initialized, skipping
Refreshing native plugins compatible for Editor in 0.40 ms, found 1 plugins.
Preloading 0 native plugins for Editor in 0.00 ms.
Unloading 1812 Unused Serialized files (Serialized files now loaded: 0)
System memory in use before: 88.5 MB.
System memory in use after: 88.5 MB.

Unloading 12 unused Assets to reduce memory usage. Loaded Objects now: 2317.
Total: 2.357300 ms (FindLiveObjects: 0.266700 ms CreateObjectMapping: 0.114000 ms MarkObjects: 1.847300 ms  DeleteObjects: 0.127500 ms)

========================================================================
Received Prepare
Registering precompiled user dll's ...
Registered in 0.000888 seconds.
Begin MonoManager ReloadAssembly
Native extension for WindowsStandalone target not found
Native extension for WebGL target not found
Refreshing native plugins compatible for Editor in 0.35 ms, found 1 plugins.
Preloading 0 native plugins for Editor in 0.00 ms.
Mono: successfully reloaded assembly
- Completed reload, in  0.996 seconds
Platform modules already initialized, skipping
Refreshing native plugins compatible for Editor in 0.39 ms, found 1 plugins.
Preloading 0 native plugins for Editor in 0.00 ms.
Unloading 1812 Unused Serialized files (Serialized files now loaded: 0)
System memory in use before: 88.5 MB.
System memory in use after: 88.5 MB.

Unloading 12 unused Assets to reduce memory usage. Loaded Objects now: 2321.
Total: 3.259900 ms (FindLiveObjects: 0.309000 ms CreateObjectMapping: 0.127200 ms MarkObjects: 2.657000 ms  DeleteObjects: 0.164900 ms)

========================================================================
Received Prepare
Registering precompiled user dll's ...
Registered in 0.000842 seconds.
Begin MonoManager ReloadAssembly
Native extension for WindowsStandalone target not found
Native extension for WebGL target not found
Refreshing native plugins compatible for Editor in 0.43 ms, found 1 plugins.
Preloading 0 native plugins for Editor in 0.00 ms.
Mono: successfully reloaded assembly
- Completed reload, in  1.002 seconds
Platform modules already initialized, skipping
Refreshing native plugins compatible for Editor in 0.55 ms, found 1 plugins.
Preloading 0 native plugins for Editor in 0.00 ms.
Unloading 1812 Unused Serialized files (Serialized files now loaded: 0)
System memory in use before: 88.5 MB.
System memory in use after: 88.5 MB.

Unloading 12 unused Assets to reduce memory usage. Loaded Objects now: 2325.
Total: 7.834300 ms (FindLiveObjects: 1.118400 ms CreateObjectMapping: 0.227300 ms MarkObjects: 6.372600 ms  DeleteObjects: 0.114100 ms)

========================================================================
Received Import Request.
  Time since last request: 80.753793 seconds.
  path: Assets/scripts/destroyEtme.cs
  artifactKey: Guid(f5a9af028e69c524e90788d69328f7e8) Importer(815301076,1909f56bfc062723c751e8b465ee728b)
Start importing Assets/scripts/destroyEtme.cs using Guid(f5a9af028e69c524e90788d69328f7e8) Importer(815301076,1909f56bfc062723c751e8b465ee728b)  -> (artifact id: 'dc3c632de89d02e909c929ceb6ebe7b2') in 0.007371 seconds
  Import took 0.029536 seconds .

========================================================================
Received Prepare
Registering precompiled user dll's ...
Registered in 0.002048 seconds.
Begin MonoManager ReloadAssembly
Native extension for WindowsStandalone target not found
Native extension for WebGL target not found
Refreshing native plugins compatible for Editor in 0.76 ms, found 1 plugins.
Preloading 0 native plugins for Editor in 0.00 ms.
Mono: successfully reloaded assembly
- Completed reload, in  1.023 seconds
Platform modules already initialized, skipping
Refreshing native plugins compatible for Editor in 0.33 ms, found 1 plugins.
Preloading 0 native plugins for Editor in 0.00 ms.
Unloading 1811 Unused Serialized files (Serialized files now loaded: 0)
System memory in use before: 88.5 MB.
System memory in use after: 88.5 MB.

Unloading 13 unused Assets to reduce memory usage. Loaded Objects now: 2328.
Total: 4.250900 ms (FindLiveObjects: 0.479200 ms CreateObjectMapping: 1.455200 ms MarkObjects: 2.182000 ms  DeleteObjects: 0.133000 ms)

========================================================================
Received Prepare
Registering precompiled user dll's ...
Registered in 0.000847 seconds.
Begin MonoManager ReloadAssembly
Native extension for WindowsStandalone target not found
Native extension for WebGL target not found
Refreshing native plugins compatible for Editor in 0.45 ms, found 1 plugins.
Preloading 0 native plugins for Editor in 0.00 ms.
Mono: successfully reloaded assembly
- Completed reload, in  1.001 seconds
Platform modules already initialized, skipping
Refreshing native plugins compatible for Editor in 0.44 ms, found 1 plugins.
Preloading 0 native plugins for Editor in 0.00 ms.
Unloading 1811 Unused Serialized files (Serialized files now loaded: 0)
System memory in use before: 88.5 MB.
System memory in use after: 88.5 MB.

Unloading 12 unused Assets to reduce memory usage. Loaded Objects now: 2332.
Total: 2.530400 ms (FindLiveObjects: 0.372600 ms CreateObjectMapping: 0.109600 ms MarkObjects: 1.933100 ms  DeleteObjects: 0.114000 ms)

========================================================================
Received Prepare
Registering precompiled user dll's ...
Registered in 0.000873 seconds.
Begin MonoManager ReloadAssembly
Native extension for WindowsStandalone target not found
Native extension for WebGL target not found
Refreshing native plugins compatible for Editor in 0.41 ms, found 1 plugins.
Preloading 0 native plugins for Editor in 0.00 ms.
Mono: successfully reloaded assembly
- Completed reload, in  0.923 seconds
Platform modules already initialized, skipping
Refreshing native plugins compatible for Editor in 0.50 ms, found 1 plugins.
Preloading 0 native plugins for Editor in 0.00 ms.
Unloading 1811 Unused Serialized files (Serialized files now loaded: 0)
System memory in use before: 88.6 MB.
System memory in use after: 88.5 MB.

Unloading 12 unused Assets to reduce memory usage. Loaded Objects now: 2336.
Total: 2.668300 ms (FindLiveObjects: 0.357500 ms CreateObjectMapping: 0.128300 ms MarkObjects: 2.066700 ms  DeleteObjects: 0.114000 ms)

========================================================================
Received Import Request.
  Time since last request: 166.225413 seconds.
  path: ProjectSettings/TagManager.asset
  artifactKey: Guid(00000000000000003000000000000000) Importer(815301076,1909f56bfc062723c751e8b465ee728b)
Start importing ProjectSettings/TagManager.asset using Guid(00000000000000003000000000000000) Importer(815301076,1909f56bfc062723c751e8b465ee728b)  -> (artifact id: '02cdd2d280906fcda2abbaf010a9f8fd') in 0.019680 seconds
  Import took 0.037064 seconds .

========================================================================
Received Import Request.
  Time since last request: 8.345715 seconds.
  path: Assets/Prefab/Borular.prefab
  artifactKey: Guid(35cf5b213592081498b09792a2653503) Importer(815301076,1909f56bfc062723c751e8b465ee728b)
Start importing Assets/Prefab/Borular.prefab using Guid(35cf5b213592081498b09792a2653503) Importer(815301076,1909f56bfc062723c751e8b465ee728b)  -> (artifact id: '71eaa910bc0df508b6e661e7afa39fc5') in 0.068340 seconds
  Import took 0.073710 seconds .

========================================================================
Received Prepare
Registering precompiled user dll's ...
Registered in 0.001938 seconds.
Begin MonoManager ReloadAssembly
Native extension for WindowsStandalone target not found
Native extension for WebGL target not found
Refreshing native plugins compatible for Editor in 0.34 ms, found 1 plugins.
Preloading 0 native plugins for Editor in 0.00 ms.
Mono: successfully reloaded assembly
- Completed reload, in  1.174 seconds
Platform modules already initialized, skipping
Refreshing native plugins compatible for Editor in 0.44 ms, found 1 plugins.
Preloading 0 native plugins for Editor in 0.00 ms.
Unloading 1812 Unused Serialized files (Serialized files now loaded: 0)
System memory in use before: 88.6 MB.
System memory in use after: 88.6 MB.

Unloading 13 unused Assets to reduce memory usage. Loaded Objects now: 2342.
Total: 2.877300 ms (FindLiveObjects: 0.248400 ms CreateObjectMapping: 0.098900 ms MarkObjects: 2.185200 ms  DeleteObjects: 0.342900 ms)

========================================================================
Received Prepare
Registering precompiled user dll's ...
Registered in 0.000851 seconds.
Begin MonoManager ReloadAssembly
Native extension for WindowsStandalone target not found
Native extension for WebGL target not found
Refreshing native plugins compatible for Editor in 0.41 ms, found 1 plugins.
Preloading 0 native plugins for Editor in 0.00 ms.
Mono: successfully reloaded assembly
- Completed reload, in  1.188 seconds
Platform modules already initialized, skipping
Refreshing native plugins compatible for Editor in 0.41 ms, found 1 plugins.
Preloading 0 native plugins for Editor in 0.00 ms.
Unloading 1812 Unused Serialized files (Serialized files now loaded: 0)
System memory in use before: 88.6 MB.
System memory in use after: 88.6 MB.

Unloading 12 unused Assets to reduce memory usage. Loaded Objects now: 2346.
Total: 2.765600 ms (FindLiveObjects: 0.371100 ms CreateObjectMapping: 0.207800 ms MarkObjects: 2.035400 ms  DeleteObjects: 0.149600 ms)

========================================================================
Received Prepare
Registering precompiled user dll's ...
Registered in 0.000870 seconds.
Begin MonoManager ReloadAssembly
Native extension for WindowsStandalone target not found
Native extension for WebGL target not found
Refreshing native plugins compatible for Editor in 0.37 ms, found 1 plugins.
Preloading 0 native plugins for Editor in 0.00 ms.
Mono: successfully reloaded assembly
- Completed reload, in  1.019 seconds
Platform modules already initialized, skipping
Refreshing native plugins compatible for Editor in 0.36 ms, found 1 plugins.
Preloading 0 native plugins for Editor in 0.00 ms.
Unloading 1812 Unused Serialized files (Serialized files now loaded: 0)
System memory in use before: 88.6 MB.
System memory in use after: 88.6 MB.

Unloading 12 unused Assets to reduce memory usage. Loaded Objects now: 2350.
Total: 2.400500 ms (FindLiveObjects: 0.208200 ms CreateObjectMapping: 0.146900 ms MarkObjects: 1.926000 ms  DeleteObjects: 0.118000 ms)

========================================================================
Received Prepare
Registering precompiled user dll's ...
Registered in 0.001178 seconds.
Begin MonoManager ReloadAssembly
Native extension for WindowsStandalone target not found
Native extension for WebGL target not found
Refreshing native plugins compatible for Editor in 0.35 ms, found 1 plugins.
Preloading 0 native plugins for Editor in 0.00 ms.
Mono: successfully reloaded assembly
- Completed reload, in  0.937 seconds
Platform modules already initialized, skipping
Refreshing native plugins compatible for Editor in 0.34 ms, found 1 plugins.
Preloading 0 native plugins for Editor in 0.00 ms.
Unloading 1812 Unused Serialized files (Serialized files now loaded: 0)
System memory in use before: 88.6 MB.
System memory in use after: 88.6 MB.

Unloading 12 unused Assets to reduce memory usage. Loaded Objects now: 2354.
Total: 2.418200 ms (FindLiveObjects: 0.312600 ms CreateObjectMapping: 0.115700 ms MarkObjects: 1.878900 ms  DeleteObjects: 0.109700 ms)

========================================================================
Received Import Request.
  Time since last request: 135.679324 seconds.
  path: Assets/Prefab/Borular.prefab
  artifactKey: Guid(35cf5b213592081498b09792a2653503) Importer(815301076,1909f56bfc062723c751e8b465ee728b)
Start importing Assets/Prefab/Borular.prefab using Guid(35cf5b213592081498b09792a2653503) Importer(815301076,1909f56bfc062723c751e8b465ee728b)  -> (artifact id: 'a710d60c28d82b6b7d88eb2cf8b5ef6c') in 0.061634 seconds
  Import took 0.080039 seconds .

========================================================================
Received Prepare
Registering precompiled user dll's ...
Registered in 0.000807 seconds.
Begin MonoManager ReloadAssembly
Native extension for WindowsStandalone target not found
Native extension for WebGL target not found
Refreshing native plugins compatible for Editor in 0.34 ms, found 1 plugins.
Preloading 0 native plugins for Editor in 0.00 ms.
Mono: successfully reloaded assembly
- Completed reload, in  0.993 seconds
Platform modules already initialized, skipping
Refreshing native plugins compatible for Editor in 0.34 ms, found 1 plugins.
Preloading 0 native plugins for Editor in 0.00 ms.
Unloading 1808 Unused Serialized files (Serialized files now loaded: 0)
System memory in use before: 88.5 MB.
System memory in use after: 88.5 MB.

Unloading 16 unused Assets to reduce memory usage. Loaded Objects now: 2355.
Total: 2.439400 ms (FindLiveObjects: 0.212100 ms CreateObjectMapping: 0.081500 ms MarkObjects: 2.028800 ms  DeleteObjects: 0.115900 ms)

========================================================================
Received Prepare
Registering precompiled user dll's ...
Registered in 0.000836 seconds.
Begin MonoManager ReloadAssembly
Native extension for WindowsStandalone target not found
Native extension for WebGL target not found
Refreshing native plugins compatible for Editor in 0.37 ms, found 1 plugins.
Preloading 0 native plugins for Editor in 0.00 ms.
Mono: successfully reloaded assembly
- Completed reload, in  0.967 seconds
Platform modules already initialized, skipping
Refreshing native plugins compatible for Editor in 0.34 ms, found 1 plugins.
Preloading 0 native plugins for Editor in 0.00 ms.
Unloading 1808 Unused Serialized files (Serialized files now loaded: 0)
System memory in use before: 88.5 MB.
System memory in use after: 88.5 MB.

Unloading 12 unused Assets to reduce memory usage. Loaded Objects now: 2359.
Total: 2.465100 ms (FindLiveObjects: 0.387200 ms CreateObjectMapping: 0.173300 ms MarkObjects: 1.791500 ms  DeleteObjects: 0.111700 ms)

========================================================================
Received Import Request.
  Time since last request: 168.201097 seconds.
  path: Assets/scripts/pipe.cs
  artifactKey: Guid(411ce1cab7d61ac448592bd0f9dfef88) Importer(815301076,1909f56bfc062723c751e8b465ee728b)
Start importing Assets/scripts/pipe.cs using Guid(411ce1cab7d61ac448592bd0f9dfef88) Importer(815301076,1909f56bfc062723c751e8b465ee728b)  -> (artifact id: '82f8533b736ac71ea5eafdb8103f47b5') in 0.013935 seconds
  Import took 0.019477 seconds .

========================================================================
Received Import Request.
  Time since last request: 0.250198 seconds.
  path: Assets/scripts/pipePool.cs
  artifactKey: Guid(71427e6d7d547384aaff75a9b8def649) Importer(815301076,1909f56bfc062723c751e8b465ee728b)
Start importing Assets/scripts/pipePool.cs using Guid(71427e6d7d547384aaff75a9b8def649) Importer(815301076,1909f56bfc062723c751e8b465ee728b)  -> (artifact id: '540ca7f37d33c868f79f202ad85e4fa7') in 0.007585 seconds
  Import took 0.026620 seconds .

========================================================================
Received Import Request.
  Time since last request: 0.012359 seconds.
  path: Assets/scripts/pipePool.cs
  artifactKey: Guid(71427e6d7d547384aaff75a9b8def649) Importer(815301076,1909f56bfc062723c751e8b465ee728b)
Start importing Assets/scripts/pipePool.cs using Guid(71427e6d7d547384aaff75a9b8def649) Importer(815301076,1909f56bfc062723c751e8b465ee728b)  -> (artifact id: '540ca7f37d33c868f79f202ad85e4fa7') in 0.006255 seconds
  Import took 0.011121 seconds .

========================================================================
Received Import Request.
  Time since last request: 15.478264 seconds.
  path: Assets/scripts/destroyEtme.cs
  artifactKey: Guid(9e1b45b447b47a344b4b2a5fa37ddce2) Importer(815301076,1909f56bfc062723c751e8b465ee728b)
Start importing Assets/scripts/destroyEtme.cs using Guid(9e1b45b447b47a344b4b2a5fa37ddce2) Importer(815301076,1909f56bfc062723c751e8b465ee728b)  -> (artifact id: '1e73d5cd478c1ecd7b15d106b6e3984f') in 0.005230 seconds
  Import took 0.010733 seconds .

========================================================================
Received Prepare
Registering precompiled user dll's ...
Registered in 0.001416 seconds.
Begin MonoManager ReloadAssembly
Native extension for WindowsStandalone target not found
Native extension for WebGL target not found
Refreshing native plugins compatible for Editor in 0.42 ms, found 1 plugins.
Preloading 0 native plugins for Editor in 0.00 ms.
Mono: successfully reloaded assembly
- Completed reload, in  0.921 seconds
Platform modules already initialized, skipping
Refreshing native plugins compatible for Editor in 0.34 ms, found 1 plugins.
Preloading 0 native plugins for Editor in 0.00 ms.
Unloading 1808 Unused Serialized files (Serialized files now loaded: 0)
System memory in use before: 88.5 MB.
System memory in use after: 88.5 MB.

Unloading 12 unused Assets to reduce memory usage. Loaded Objects now: 2363.
Total: 2.255100 ms (FindLiveObjects: 0.370800 ms CreateObjectMapping: 0.111600 ms MarkObjects: 1.657800 ms  DeleteObjects: 0.113700 ms)

========================================================================
Received Prepare
Registering precompiled user dll's ...
Registered in 0.004444 seconds.
Begin MonoManager ReloadAssembly
Native extension for WindowsStandalone target not found
Native extension for WebGL target not found
Refreshing native plugins compatible for Editor in 0.51 ms, found 1 plugins.
Preloading 0 native plugins for Editor in 0.00 ms.
Mono: successfully reloaded assembly
- Completed reload, in  1.055 seconds
Platform modules already initialized, skipping
Refreshing native plugins compatible for Editor in 0.33 ms, found 1 plugins.
Preloading 0 native plugins for Editor in 0.00 ms.
Unloading 1807 Unused Serialized files (Serialized files now loaded: 0)
System memory in use before: 88.5 MB.
System memory in use after: 88.5 MB.

Unloading 13 unused Assets to reduce memory usage. Loaded Objects now: 2366.
Total: 2.272300 ms (FindLiveObjects: 0.266600 ms CreateObjectMapping: 0.129400 ms MarkObjects: 1.761600 ms  DeleteObjects: 0.113400 ms)

========================================================================
Received Prepare
Registering precompiled user dll's ...
Registered in 0.001231 seconds.
Begin MonoManager ReloadAssembly
Native extension for WindowsStandalone target not found
Native extension for WebGL target not found
Refreshing native plugins compatible for Editor in 0.35 ms, found 1 plugins.
Preloading 0 native plugins for Editor in 0.00 ms.
Mono: successfully reloaded assembly
- Completed reload, in  1.021 seconds
Platform modules already initialized, skipping
Refreshing native plugins compatible for Editor in 0.33 ms, found 1 plugins.
Preloading 0 native plugins for Editor in 0.00 ms.
Unloading 1807 Unused Serialized files (Serialized files now loaded: 0)
System memory in use before: 88.5 MB.
System memory in use after: 88.5 MB.

Unloading 12 unused Assets to reduce memory usage. Loaded Objects now: 2370.
Total: 2.190200 ms (FindLiveObjects: 0.271500 ms CreateObjectMapping: 0.112900 ms MarkObjects: 1.692900 ms  DeleteObjects: 0.112100 ms)

========================================================================
Received Prepare
Registering precompiled user dll's ...
Registered in 0.000863 seconds.
Begin MonoManager ReloadAssembly
Native extension for WindowsStandalone target not found
Native extension for WebGL target not found
Refreshing native plugins compatible for Editor in 0.35 ms, found 1 plugins.
Preloading 0 native plugins for Editor in 0.00 ms.
Mono: successfully reloaded assembly
- Completed reload, in  0.978 seconds
Platform modules already initialized, skipping
Refreshing native plugins compatible for Editor in 0.40 ms, found 1 plugins.
Preloading 0 native plugins for Editor in 0.00 ms.
Unloading 1807 Unused Serialized files (Serialized files now loaded: 0)
System memory in use before: 88.5 MB.
System memory in use after: 88.5 MB.

Unloading 12 unused Assets to reduce memory usage. Loaded Objects now: 2374.
Total: 2.351000 ms (FindLiveObjects: 0.191700 ms CreateObjectMapping: 0.089000 ms MarkObjects: 1.958800 ms  DeleteObjects: 0.110300 ms)

========================================================================
Received Import Request.
  Time since last request: 212.345017 seconds.
  path: Assets/Prefab/Borular.prefab
  artifactKey: Guid(35cf5b213592081498b09792a2653503) Importer(815301076,1909f56bfc062723c751e8b465ee728b)
Start importing Assets/Prefab/Borular.prefab using Guid(35cf5b213592081498b09792a2653503) Importer(815301076,1909f56bfc062723c751e8b465ee728b)  -> (artifact id: 'f38ccdb0fd5a1185b4f18e0297082d39') in 0.089860 seconds
  Import took 0.095344 seconds .

========================================================================
Received Import Request.
  Time since last request: 2.097157 seconds.
  path: Assets/Prefab/Borular.prefab
  artifactKey: Guid(35cf5b213592081498b09792a2653503) Importer(815301076,1909f56bfc062723c751e8b465ee728b)
Start importing Assets/Prefab/Borular.prefab using Guid(35cf5b213592081498b09792a2653503) Importer(815301076,1909f56bfc062723c751e8b465ee728b)  -> (artifact id: '8cb0c4b10fe2bd74e60cfaefcdc83a1a') in 0.015692 seconds
  Import took 0.045900 seconds .

========================================================================
Received Prepare
Registering precompiled user dll's ...
Registered in 0.002208 seconds.
Begin MonoManager ReloadAssembly
Native extension for WindowsStandalone target not found
Native extension for WebGL target not found
Refreshing native plugins compatible for Editor in 0.34 ms, found 1 plugins.
Preloading 0 native plugins for Editor in 0.00 ms.
Mono: successfully reloaded assembly
- Completed reload, in  0.918 seconds
Platform modules already initialized, skipping
Refreshing native plugins compatible for Editor in 0.33 ms, found 1 plugins.
Preloading 0 native plugins for Editor in 0.00 ms.
Unloading 1807 Unused Serialized files (Serialized files now loaded: 0)
System memory in use before: 88.6 MB.
System memory in use after: 88.5 MB.

Unloading 12 unused Assets to reduce memory usage. Loaded Objects now: 2379.
Total: 2.331800 ms (FindLiveObjects: 0.248700 ms CreateObjectMapping: 0.117100 ms MarkObjects: 1.853600 ms  DeleteObjects: 0.111400 ms)

AssetImportWorkerClient::OnTransportError - code=2 error=End of file
