Using pre-set license
Built from '2020.3/staging' branch; Version is '2020.3.6f1 (338bb68529b2) revision 3378102'; Using compiler version '192528614'; Build Type 'Release'
OS: 'Windows 10 Home; OS build 19042.985; Version 2009; 64bit' Language: 'tr' Physical Memory: 8152 MB
BatchMode: 1, IsHumanControllingUs: 0, StartBugReporterOnCrash: 0, Is64bit: 1, IsPro: 0

 COMMAND LINE ARGUMENTS:
C:\Program Files\Unity\Hub\Editor\2020.3.6f1\Editor\Unity.exe
-adb2
-batchMode
-noUpm
-name
AssetImportWorker0
-projectPath
D:/UnityProjects/DoodleJump
-logFile
Logs/AssetImportWorker0.log
-srvPort
56202
Successfully changed project path to: D:/UnityProjects/DoodleJump
D:/UnityProjects/DoodleJump
Using Asset Import Pipeline V2.
Refreshing native plugins compatible for Editor in 46.88 ms, found 1 plugins.
Preloading 0 native plugins for Editor in 0.00 ms.
Initialize engine version: 2020.3.6f1 (338bb68529b2)
[Subsystems] Discovering subsystems at path C:/Program Files/Unity/Hub/Editor/2020.3.6f1/Editor/Data/Resources/UnitySubsystems
[Subsystems] Discovering subsystems at path D:/UnityProjects/DoodleJump/Assets
GfxDevice: creating device client; threaded=0
Direct3D:
    Version:  Direct3D 11.0 [level 11.0]
    Renderer: NVIDIA GeForce GTX 750 Ti (ID=0x1380)
    Vendor:   
    VRAM:     2007 MB
    Driver:   27.21.14.6140
Initialize mono
Mono path[0] = 'C:/Program Files/Unity/Hub/Editor/2020.3.6f1/Editor/Data/Managed'
Mono path[1] = 'C:/Program Files/Unity/Hub/Editor/2020.3.6f1/Editor/Data/MonoBleedingEdge/lib/mono/unityjit'
Mono config path = 'C:/Program Files/Unity/Hub/Editor/2020.3.6f1/Editor/Data/MonoBleedingEdge/etc'
Using monoOptions --debugger-agent=transport=dt_socket,embedding=1,server=y,suspend=n,address=127.0.0.1:56308
Begin MonoManager ReloadAssembly
Registering precompiled unity dll's ...
Register platform support module: C:/Program Files/Unity/Hub/Editor/2020.3.6f1/Editor/Data/PlaybackEngines/WebGLSupport/UnityEditor.WebGL.Extensions.dll
Register platform support module: C:/Program Files/Unity/Hub/Editor/2020.3.6f1/Editor/Data/PlaybackEngines/WindowsStandaloneSupport/UnityEditor.WindowsStandalone.Extensions.dll
Registered in 0.002541 seconds.
Native extension for WindowsStandalone target not found
Native extension for WebGL target not found
Refreshing native plugins compatible for Editor in 36.86 ms, found 1 plugins.
Preloading 0 native plugins for Editor in 0.00 ms.
Mono: successfully reloaded assembly
- Completed reload, in  2.173 seconds
Platform modules already initialized, skipping
Registering precompiled user dll's ...
Registered in 0.000834 seconds.
Begin MonoManager ReloadAssembly
Native extension for WindowsStandalone target not found
Native extension for WebGL target not found
Refreshing native plugins compatible for Editor in 36.54 ms, found 1 plugins.
Preloading 0 native plugins for Editor in 0.00 ms.
Mono: successfully reloaded assembly
- Completed reload, in  1.001 seconds
Platform modules already initialized, skipping
========================================================================
Worker process is ready to serve import requests
Launched and connected shader compiler UnityShaderCompiler.exe after 0.06 seconds
Refreshing native plugins compatible for Editor in 0.32 ms, found 1 plugins.
Preloading 0 native plugins for Editor in 0.00 ms.
Unloading 1808 Unused Serialized files (Serialized files now loaded: 0)
System memory in use before: 85.0 MB.
System memory in use after: 85.0 MB.

Unloading 24 unused Assets to reduce memory usage. Loaded Objects now: 2250.
Total: 3.288700 ms (FindLiveObjects: 0.533400 ms CreateObjectMapping: 0.217300 ms MarkObjects: 2.285800 ms  DeleteObjects: 0.249900 ms)

========================================================================
Received Import Request.
  path: Assets/materyal
  artifactKey: Guid(13711fc3be47a3b4bb58b418936c305b) Importer(815301076,1909f56bfc062723c751e8b465ee728b)
Start importing Assets/materyal using Guid(13711fc3be47a3b4bb58b418936c305b) Importer(815301076,1909f56bfc062723c751e8b465ee728b)  -> (artifact id: 'a4429c4d10c0a0343329e968f69b47ae') in 0.009857 seconds
  Import took 0.013521 seconds .

========================================================================
Received Import Request.
  Time since last request: 34.421122 seconds.
  path: Assets/materyal/Bouncy.physicMaterial
  artifactKey: Guid(77c9dd2a64e52034499f343f46e03584) Importer(815301076,1909f56bfc062723c751e8b465ee728b)
Start importing Assets/materyal/Bouncy.physicMaterial using Guid(77c9dd2a64e52034499f343f46e03584) Importer(815301076,1909f56bfc062723c751e8b465ee728b)  -> (artifact id: '53aac364e04fe5f718f237de10704f7c') in 0.071699 seconds
  Import took 0.076592 seconds .

========================================================================
Received Import Request.
  Time since last request: 55.859861 seconds.
  path: Assets/materyal/New Physics Material 2D.physicsMaterial2D
  artifactKey: Guid(9ca497d4898149947b1fda54accc940b) Importer(815301076,1909f56bfc062723c751e8b465ee728b)
Start importing Assets/materyal/New Physics Material 2D.physicsMaterial2D using Guid(9ca497d4898149947b1fda54accc940b) Importer(815301076,1909f56bfc062723c751e8b465ee728b)  -> (artifact id: '38a5ff724f217c367232366486969b03') in 0.013787 seconds
  Import took 0.017589 seconds .

========================================================================
Received Import Request.
  Time since last request: 0.003819 seconds.
  path: Assets/materyal/New Physics Material 2D.physicsMaterial2D
  artifactKey: Guid(9ca497d4898149947b1fda54accc940b) Importer(815301076,1909f56bfc062723c751e8b465ee728b)
Start importing Assets/materyal/New Physics Material 2D.physicsMaterial2D using Guid(9ca497d4898149947b1fda54accc940b) Importer(815301076,1909f56bfc062723c751e8b465ee728b)  -> (artifact id: '38a5ff724f217c367232366486969b03') in 0.002610 seconds
  Import took 0.007657 seconds .

========================================================================
Received Import Request.
  Time since last request: 6.265318 seconds.
  path: Assets/materyal/Bouncy.physicsMaterial2D
  artifactKey: Guid(9ca497d4898149947b1fda54accc940b) Importer(815301076,1909f56bfc062723c751e8b465ee728b)
Start importing Assets/materyal/Bouncy.physicsMaterial2D using Guid(9ca497d4898149947b1fda54accc940b) Importer(815301076,1909f56bfc062723c751e8b465ee728b)  -> (artifact id: 'd3bd9c9df3c5dd8d5ea8f9aa88ad0295') in 0.003434 seconds
  Import took 0.007995 seconds .

========================================================================
Received Import Request.
  Time since last request: 41.905464 seconds.
  path: Assets/scripts/Kontorller.cs
  artifactKey: Guid(58946cc948a45f64b817e8ef58aff8ed) Importer(815301076,1909f56bfc062723c751e8b465ee728b)
Start importing Assets/scripts/Kontorller.cs using Guid(58946cc948a45f64b817e8ef58aff8ed) Importer(815301076,1909f56bfc062723c751e8b465ee728b)  -> (artifact id: 'c072b8b69159324e3c222ad58778d8f2') in 0.027108 seconds
  Import took 0.035241 seconds .

========================================================================
Received Prepare
Registering precompiled user dll's ...
Registered in 0.000860 seconds.
Begin MonoManager ReloadAssembly
Native extension for WindowsStandalone target not found
Native extension for WebGL target not found
Refreshing native plugins compatible for Editor in 0.35 ms, found 1 plugins.
Preloading 0 native plugins for Editor in 0.00 ms.
Mono: successfully reloaded assembly
- Completed reload, in  1.034 seconds
Platform modules already initialized, skipping
Refreshing native plugins compatible for Editor in 0.32 ms, found 1 plugins.
Preloading 0 native plugins for Editor in 0.00 ms.
Unloading 1804 Unused Serialized files (Serialized files now loaded: 0)
System memory in use before: 85.0 MB.
System memory in use after: 85.0 MB.

Unloading 12 unused Assets to reduce memory usage. Loaded Objects now: 2255.
Total: 2.253500 ms (FindLiveObjects: 0.234400 ms CreateObjectMapping: 0.102200 ms MarkObjects: 1.804900 ms  DeleteObjects: 0.110800 ms)

========================================================================
Received Import Request.
  Time since last request: 10.394360 seconds.
  path: Assets/scripts/Kontroller.cs
  artifactKey: Guid(58946cc948a45f64b817e8ef58aff8ed) Importer(815301076,1909f56bfc062723c751e8b465ee728b)
Start importing Assets/scripts/Kontroller.cs using Guid(58946cc948a45f64b817e8ef58aff8ed) Importer(815301076,1909f56bfc062723c751e8b465ee728b)  -> (artifact id: 'f8f45e37f0ec10db62699de558fdd84d') in 0.033646 seconds
  Import took 0.040672 seconds .

========================================================================
Received Import Request.
  Time since last request: 0.029819 seconds.
  path: Assets/scripts/Kontroller.cs
  artifactKey: Guid(58946cc948a45f64b817e8ef58aff8ed) Importer(815301076,1909f56bfc062723c751e8b465ee728b)
Start importing Assets/scripts/Kontroller.cs using Guid(58946cc948a45f64b817e8ef58aff8ed) Importer(815301076,1909f56bfc062723c751e8b465ee728b)  -> (artifact id: 'f8f45e37f0ec10db62699de558fdd84d') in 0.007077 seconds
  Import took 0.017351 seconds .

========================================================================
Received Prepare
Registering precompiled user dll's ...
Registered in 0.000851 seconds.
Begin MonoManager ReloadAssembly
Native extension for WindowsStandalone target not found
Native extension for WebGL target not found
Refreshing native plugins compatible for Editor in 0.72 ms, found 1 plugins.
Preloading 0 native plugins for Editor in 0.00 ms.
Mono: successfully reloaded assembly
- Completed reload, in  1.063 seconds
Platform modules already initialized, skipping
Refreshing native plugins compatible for Editor in 0.41 ms, found 1 plugins.
Preloading 0 native plugins for Editor in 0.00 ms.
Unloading 1804 Unused Serialized files (Serialized files now loaded: 0)
System memory in use before: 85.1 MB.
System memory in use after: 85.0 MB.

Unloading 12 unused Assets to reduce memory usage. Loaded Objects now: 2259.
Total: 2.828100 ms (FindLiveObjects: 0.195800 ms CreateObjectMapping: 0.087600 ms MarkObjects: 2.387900 ms  DeleteObjects: 0.154800 ms)

========================================================================
Received Prepare
Registering precompiled user dll's ...
Registered in 0.001298 seconds.
Begin MonoManager ReloadAssembly
Native extension for WindowsStandalone target not found
Native extension for WebGL target not found
Refreshing native plugins compatible for Editor in 0.33 ms, found 1 plugins.
Preloading 0 native plugins for Editor in 0.00 ms.
Mono: successfully reloaded assembly
- Completed reload, in  0.977 seconds
Platform modules already initialized, skipping
Refreshing native plugins compatible for Editor in 0.33 ms, found 1 plugins.
Preloading 0 native plugins for Editor in 0.00 ms.
Unloading 1803 Unused Serialized files (Serialized files now loaded: 0)
System memory in use before: 85.1 MB.
System memory in use after: 85.0 MB.

Unloading 13 unused Assets to reduce memory usage. Loaded Objects now: 2262.
Total: 2.269900 ms (FindLiveObjects: 0.202900 ms CreateObjectMapping: 0.107200 ms MarkObjects: 1.843500 ms  DeleteObjects: 0.115100 ms)

========================================================================
Received Import Request.
  Time since last request: 75.062598 seconds.
  path: Assets/scripts/kontroller.cs
  artifactKey: Guid(58946cc948a45f64b817e8ef58aff8ed) Importer(815301076,1909f56bfc062723c751e8b465ee728b)
Start importing Assets/scripts/kontroller.cs using Guid(58946cc948a45f64b817e8ef58aff8ed) Importer(815301076,1909f56bfc062723c751e8b465ee728b)  -> (artifact id: '8ec0b38f2a990f3f46d6382bbbc9a40b') in 0.012297 seconds
  Import took 0.020425 seconds .

========================================================================
Received Import Request.
  Time since last request: 0.027673 seconds.
  path: Assets/scripts/kontroller.cs
  artifactKey: Guid(58946cc948a45f64b817e8ef58aff8ed) Importer(815301076,1909f56bfc062723c751e8b465ee728b)
Start importing Assets/scripts/kontroller.cs using Guid(58946cc948a45f64b817e8ef58aff8ed) Importer(815301076,1909f56bfc062723c751e8b465ee728b)  -> (artifact id: '8ec0b38f2a990f3f46d6382bbbc9a40b') in 0.009999 seconds
  Import took 0.015794 seconds .

========================================================================
Received Prepare
Registering precompiled user dll's ...
Registered in 0.000827 seconds.
Begin MonoManager ReloadAssembly
Native extension for WindowsStandalone target not found
Native extension for WebGL target not found
Refreshing native plugins compatible for Editor in 0.37 ms, found 1 plugins.
Preloading 0 native plugins for Editor in 0.00 ms.
Mono: successfully reloaded assembly
- Completed reload, in  1.020 seconds
Platform modules already initialized, skipping
Refreshing native plugins compatible for Editor in 0.35 ms, found 1 plugins.
Preloading 0 native plugins for Editor in 0.00 ms.
Unloading 1804 Unused Serialized files (Serialized files now loaded: 0)
System memory in use before: 85.1 MB.
System memory in use after: 85.1 MB.

Unloading 12 unused Assets to reduce memory usage. Loaded Objects now: 2267.
Total: 2.903300 ms (FindLiveObjects: 0.292000 ms CreateObjectMapping: 0.124100 ms MarkObjects: 2.354000 ms  DeleteObjects: 0.131100 ms)

========================================================================
Received Prepare
Registering precompiled user dll's ...
Registered in 0.000799 seconds.
Begin MonoManager ReloadAssembly
Native extension for WindowsStandalone target not found
Native extension for WebGL target not found
Refreshing native plugins compatible for Editor in 0.34 ms, found 1 plugins.
Preloading 0 native plugins for Editor in 0.00 ms.
Mono: successfully reloaded assembly
- Completed reload, in  0.951 seconds
Platform modules already initialized, skipping
Refreshing native plugins compatible for Editor in 0.43 ms, found 1 plugins.
Preloading 0 native plugins for Editor in 0.00 ms.
Unloading 1804 Unused Serialized files (Serialized files now loaded: 0)
System memory in use before: 85.1 MB.
System memory in use after: 85.1 MB.

Unloading 12 unused Assets to reduce memory usage. Loaded Objects now: 2271.
Total: 2.223200 ms (FindLiveObjects: 0.206200 ms CreateObjectMapping: 0.085200 ms MarkObjects: 1.811300 ms  DeleteObjects: 0.119100 ms)

========================================================================
Received Prepare
Registering precompiled user dll's ...
Registered in 0.000808 seconds.
Begin MonoManager ReloadAssembly
Native extension for WindowsStandalone target not found
Native extension for WebGL target not found
Refreshing native plugins compatible for Editor in 0.35 ms, found 1 plugins.
Preloading 0 native plugins for Editor in 0.00 ms.
Mono: successfully reloaded assembly
- Completed reload, in  1.024 seconds
Platform modules already initialized, skipping
Refreshing native plugins compatible for Editor in 0.36 ms, found 1 plugins.
Preloading 0 native plugins for Editor in 0.00 ms.
Unloading 1804 Unused Serialized files (Serialized files now loaded: 0)
System memory in use before: 85.1 MB.
System memory in use after: 85.1 MB.

Unloading 12 unused Assets to reduce memory usage. Loaded Objects now: 2275.
Total: 2.382100 ms (FindLiveObjects: 0.335200 ms CreateObjectMapping: 0.127700 ms MarkObjects: 1.794600 ms  DeleteObjects: 0.122700 ms)

========================================================================
Received Prepare
Registering precompiled user dll's ...
Registered in 0.000810 seconds.
Begin MonoManager ReloadAssembly
Native extension for WindowsStandalone target not found
Native extension for WebGL target not found
Refreshing native plugins compatible for Editor in 0.34 ms, found 1 plugins.
Preloading 0 native plugins for Editor in 0.00 ms.
Mono: successfully reloaded assembly
- Completed reload, in  1.045 seconds
Platform modules already initialized, skipping
Refreshing native plugins compatible for Editor in 0.49 ms, found 1 plugins.
Preloading 0 native plugins for Editor in 0.00 ms.
Unloading 1804 Unused Serialized files (Serialized files now loaded: 0)
System memory in use before: 85.1 MB.
System memory in use after: 85.1 MB.

Unloading 12 unused Assets to reduce memory usage. Loaded Objects now: 2279.
Total: 2.618000 ms (FindLiveObjects: 0.362400 ms CreateObjectMapping: 0.167200 ms MarkObjects: 1.975900 ms  DeleteObjects: 0.110400 ms)

========================================================================
Received Prepare
Registering precompiled user dll's ...
Registered in 0.001142 seconds.
Begin MonoManager ReloadAssembly
Native extension for WindowsStandalone target not found
Native extension for WebGL target not found
Refreshing native plugins compatible for Editor in 0.34 ms, found 1 plugins.
Preloading 0 native plugins for Editor in 0.00 ms.
Mono: successfully reloaded assembly
- Completed reload, in  1.266 seconds
Platform modules already initialized, skipping
Refreshing native plugins compatible for Editor in 0.32 ms, found 1 plugins.
Preloading 0 native plugins for Editor in 0.00 ms.
Unloading 1805 Unused Serialized files (Serialized files now loaded: 0)
System memory in use before: 85.2 MB.
System memory in use after: 85.1 MB.

Unloading 12 unused Assets to reduce memory usage. Loaded Objects now: 2284.
Total: 2.724700 ms (FindLiveObjects: 0.338900 ms CreateObjectMapping: 0.090400 ms MarkObjects: 2.181700 ms  DeleteObjects: 0.112200 ms)

========================================================================
Received Prepare
Registering precompiled user dll's ...
Registered in 0.000824 seconds.
Begin MonoManager ReloadAssembly
Native extension for WindowsStandalone target not found
Native extension for WebGL target not found
Refreshing native plugins compatible for Editor in 0.45 ms, found 1 plugins.
Preloading 0 native plugins for Editor in 0.00 ms.
Mono: successfully reloaded assembly
- Completed reload, in  1.178 seconds
Platform modules already initialized, skipping
Refreshing native plugins compatible for Editor in 0.43 ms, found 1 plugins.
Preloading 0 native plugins for Editor in 0.00 ms.
Unloading 1806 Unused Serialized files (Serialized files now loaded: 0)
System memory in use before: 85.2 MB.
System memory in use after: 85.2 MB.

Unloading 12 unused Assets to reduce memory usage. Loaded Objects now: 2289.
Total: 2.383900 ms (FindLiveObjects: 0.270900 ms CreateObjectMapping: 0.111400 ms MarkObjects: 1.871300 ms  DeleteObjects: 0.128900 ms)

========================================================================
Received Prepare
Registering precompiled user dll's ...
Registered in 0.000844 seconds.
Begin MonoManager ReloadAssembly
Native extension for WindowsStandalone target not found
Native extension for WebGL target not found
Refreshing native plugins compatible for Editor in 0.34 ms, found 1 plugins.
Preloading 0 native plugins for Editor in 0.00 ms.
Mono: successfully reloaded assembly
- Completed reload, in  1.265 seconds
Platform modules already initialized, skipping
Refreshing native plugins compatible for Editor in 0.38 ms, found 1 plugins.
Preloading 0 native plugins for Editor in 0.00 ms.
Unloading 1807 Unused Serialized files (Serialized files now loaded: 0)
System memory in use before: 85.2 MB.
System memory in use after: 85.2 MB.

Unloading 12 unused Assets to reduce memory usage. Loaded Objects now: 2294.
Total: 2.523300 ms (FindLiveObjects: 0.280900 ms CreateObjectMapping: 0.119400 ms MarkObjects: 1.939400 ms  DeleteObjects: 0.180500 ms)

========================================================================
Received Import Request.
  Time since last request: 378.577308 seconds.
  path: Assets/platform.cs
  artifactKey: Guid(59e88706230fdf4479a526c8c5f7fd8d) Importer(815301076,1909f56bfc062723c751e8b465ee728b)
Start importing Assets/platform.cs using Guid(59e88706230fdf4479a526c8c5f7fd8d) Importer(815301076,1909f56bfc062723c751e8b465ee728b)  -> (artifact id: '54f32131aa2cd871208a234f16935954') in 0.013060 seconds
  Import took 0.032934 seconds .

========================================================================
Received Prepare
Registering precompiled user dll's ...
Registered in 0.000914 seconds.
Begin MonoManager ReloadAssembly
Native extension for WindowsStandalone target not found
Native extension for WebGL target not found
Refreshing native plugins compatible for Editor in 0.34 ms, found 1 plugins.
Preloading 0 native plugins for Editor in 0.00 ms.
Mono: successfully reloaded assembly
- Completed reload, in  0.998 seconds
Platform modules already initialized, skipping
Refreshing native plugins compatible for Editor in 0.52 ms, found 1 plugins.
Preloading 0 native plugins for Editor in 0.00 ms.
Unloading 1807 Unused Serialized files (Serialized files now loaded: 0)
System memory in use before: 85.2 MB.
System memory in use after: 85.2 MB.

Unloading 12 unused Assets to reduce memory usage. Loaded Objects now: 2298.
Total: 2.884800 ms (FindLiveObjects: 0.728300 ms CreateObjectMapping: 0.150700 ms MarkObjects: 1.851400 ms  DeleteObjects: 0.152500 ms)

========================================================================
Received Import Request.
  Time since last request: 15.371850 seconds.
  path: Assets/prefab/kameraTakip.cs
  artifactKey: Guid(5d8ead46f8ea9704f9da02a9f33a9b5d) Importer(815301076,1909f56bfc062723c751e8b465ee728b)
Start importing Assets/prefab/kameraTakip.cs using Guid(5d8ead46f8ea9704f9da02a9f33a9b5d) Importer(815301076,1909f56bfc062723c751e8b465ee728b)  -> (artifact id: '634b3e73b8f121f10143f32b8aa97813') in 0.014392 seconds
  Import took 0.037624 seconds .

========================================================================
Received Prepare
Registering precompiled user dll's ...
Registered in 0.000822 seconds.
Begin MonoManager ReloadAssembly
Native extension for WindowsStandalone target not found
Native extension for WebGL target not found
Refreshing native plugins compatible for Editor in 0.34 ms, found 1 plugins.
Preloading 0 native plugins for Editor in 0.00 ms.
Mono: successfully reloaded assembly
- Completed reload, in  1.032 seconds
Platform modules already initialized, skipping
Refreshing native plugins compatible for Editor in 0.34 ms, found 1 plugins.
Preloading 0 native plugins for Editor in 0.00 ms.
Unloading 1807 Unused Serialized files (Serialized files now loaded: 0)
System memory in use before: 85.2 MB.
System memory in use after: 85.2 MB.

Unloading 12 unused Assets to reduce memory usage. Loaded Objects now: 2302.
Total: 2.343300 ms (FindLiveObjects: 0.192600 ms CreateObjectMapping: 0.080900 ms MarkObjects: 1.953700 ms  DeleteObjects: 0.114900 ms)

========================================================================
Received Prepare
Registering precompiled user dll's ...
Registered in 0.001083 seconds.
Begin MonoManager ReloadAssembly
Native extension for WindowsStandalone target not found
Native extension for WebGL target not found
Refreshing native plugins compatible for Editor in 0.41 ms, found 1 plugins.
Preloading 0 native plugins for Editor in 0.00 ms.
Mono: successfully reloaded assembly
- Completed reload, in  1.150 seconds
Platform modules already initialized, skipping
Refreshing native plugins compatible for Editor in 0.38 ms, found 1 plugins.
Preloading 0 native plugins for Editor in 0.00 ms.
Unloading 1807 Unused Serialized files (Serialized files now loaded: 0)
System memory in use before: 85.2 MB.
System memory in use after: 85.2 MB.

Unloading 12 unused Assets to reduce memory usage. Loaded Objects now: 2306.
Total: 2.461400 ms (FindLiveObjects: 0.373300 ms CreateObjectMapping: 0.136000 ms MarkObjects: 1.823700 ms  DeleteObjects: 0.126200 ms)

========================================================================
Received Import Request.
  Time since last request: 13.727809 seconds.
  path: Assets/prefab/platform.prefab
  artifactKey: Guid(5e4a1082ea9edf7409b1ba8866eb6056) Importer(815301076,1909f56bfc062723c751e8b465ee728b)
Start importing Assets/prefab/platform.prefab using Guid(5e4a1082ea9edf7409b1ba8866eb6056) Importer(815301076,1909f56bfc062723c751e8b465ee728b)  -> (artifact id: '0aaacf7de691b6afccc55c504c9f4b6b') in 0.126424 seconds
  Import took 0.140690 seconds .

========================================================================
Received Prepare
Registering precompiled user dll's ...
Registered in 0.001335 seconds.
Begin MonoManager ReloadAssembly
Native extension for WindowsStandalone target not found
Native extension for WebGL target not found
Refreshing native plugins compatible for Editor in 0.65 ms, found 1 plugins.
Preloading 0 native plugins for Editor in 0.00 ms.
Mono: successfully reloaded assembly
- Completed reload, in  1.109 seconds
Platform modules already initialized, skipping
Refreshing native plugins compatible for Editor in 0.36 ms, found 1 plugins.
Preloading 0 native plugins for Editor in 0.00 ms.
Unloading 1807 Unused Serialized files (Serialized files now loaded: 0)
System memory in use before: 88.4 MB.
System memory in use after: 88.3 MB.

Unloading 12 unused Assets to reduce memory usage. Loaded Objects now: 2317.
Total: 2.223100 ms (FindLiveObjects: 0.310400 ms CreateObjectMapping: 0.079200 ms MarkObjects: 1.714000 ms  DeleteObjects: 0.118300 ms)

========================================================================
Received Prepare
Registering precompiled user dll's ...
Registered in 0.000858 seconds.
Begin MonoManager ReloadAssembly
Native extension for WindowsStandalone target not found
Native extension for WebGL target not found
Refreshing native plugins compatible for Editor in 0.43 ms, found 1 plugins.
Preloading 0 native plugins for Editor in 0.00 ms.
Mono: successfully reloaded assembly
- Completed reload, in  1.044 seconds
Platform modules already initialized, skipping
Refreshing native plugins compatible for Editor in 0.36 ms, found 1 plugins.
Preloading 0 native plugins for Editor in 0.00 ms.
Unloading 1807 Unused Serialized files (Serialized files now loaded: 0)
System memory in use before: 88.4 MB.
System memory in use after: 88.3 MB.

Unloading 12 unused Assets to reduce memory usage. Loaded Objects now: 2321.
Total: 3.124200 ms (FindLiveObjects: 0.345500 ms CreateObjectMapping: 0.129100 ms MarkObjects: 2.521300 ms  DeleteObjects: 0.126200 ms)

========================================================================
Received Prepare
Registering precompiled user dll's ...
Registered in 0.000903 seconds.
Begin MonoManager ReloadAssembly
Native extension for WindowsStandalone target not found
Native extension for WebGL target not found
Refreshing native plugins compatible for Editor in 0.34 ms, found 1 plugins.
Preloading 0 native plugins for Editor in 0.00 ms.
Mono: successfully reloaded assembly
- Completed reload, in  0.943 seconds
Platform modules already initialized, skipping
Refreshing native plugins compatible for Editor in 0.39 ms, found 1 plugins.
Preloading 0 native plugins for Editor in 0.00 ms.
Unloading 1807 Unused Serialized files (Serialized files now loaded: 0)
System memory in use before: 88.4 MB.
System memory in use after: 88.3 MB.

Unloading 12 unused Assets to reduce memory usage. Loaded Objects now: 2325.
Total: 2.768600 ms (FindLiveObjects: 0.310900 ms CreateObjectMapping: 0.115300 ms MarkObjects: 2.152700 ms  DeleteObjects: 0.187300 ms)

========================================================================
Received Prepare
Registering precompiled user dll's ...
Registered in 0.000935 seconds.
Begin MonoManager ReloadAssembly
Native extension for WindowsStandalone target not found
Native extension for WebGL target not found
Refreshing native plugins compatible for Editor in 0.35 ms, found 1 plugins.
Preloading 0 native plugins for Editor in 0.00 ms.
Mono: successfully reloaded assembly
- Completed reload, in  1.053 seconds
Platform modules already initialized, skipping
Refreshing native plugins compatible for Editor in 0.36 ms, found 1 plugins.
Preloading 0 native plugins for Editor in 0.00 ms.
Unloading 1807 Unused Serialized files (Serialized files now loaded: 0)
System memory in use before: 88.4 MB.
System memory in use after: 88.4 MB.

Unloading 12 unused Assets to reduce memory usage. Loaded Objects now: 2329.
Total: 3.289900 ms (FindLiveObjects: 0.350700 ms CreateObjectMapping: 0.125200 ms MarkObjects: 2.656800 ms  DeleteObjects: 0.155500 ms)

========================================================================
Received Prepare
Registering precompiled user dll's ...
Registered in 0.000868 seconds.
Begin MonoManager ReloadAssembly
Native extension for WindowsStandalone target not found
Native extension for WebGL target not found
Refreshing native plugins compatible for Editor in 0.53 ms, found 1 plugins.
Preloading 0 native plugins for Editor in 0.00 ms.
Mono: successfully reloaded assembly
- Completed reload, in  1.028 seconds
Platform modules already initialized, skipping
Refreshing native plugins compatible for Editor in 0.39 ms, found 1 plugins.
Preloading 0 native plugins for Editor in 0.00 ms.
Unloading 1807 Unused Serialized files (Serialized files now loaded: 0)
System memory in use before: 88.4 MB.
System memory in use after: 88.4 MB.

Unloading 12 unused Assets to reduce memory usage. Loaded Objects now: 2333.
Total: 2.822800 ms (FindLiveObjects: 0.521700 ms CreateObjectMapping: 0.138900 ms MarkObjects: 2.039200 ms  DeleteObjects: 0.120900 ms)

========================================================================
Received Prepare
Registering precompiled user dll's ...
Registered in 0.000894 seconds.
Begin MonoManager ReloadAssembly
Native extension for WindowsStandalone target not found
Native extension for WebGL target not found
Refreshing native plugins compatible for Editor in 0.55 ms, found 1 plugins.
Preloading 0 native plugins for Editor in 0.00 ms.
Mono: successfully reloaded assembly
- Completed reload, in  1.023 seconds
Platform modules already initialized, skipping
Refreshing native plugins compatible for Editor in 0.35 ms, found 1 plugins.
Preloading 0 native plugins for Editor in 0.00 ms.
Unloading 1807 Unused Serialized files (Serialized files now loaded: 0)
System memory in use before: 88.4 MB.
System memory in use after: 88.4 MB.

Unloading 12 unused Assets to reduce memory usage. Loaded Objects now: 2337.
Total: 3.220000 ms (FindLiveObjects: 0.351100 ms CreateObjectMapping: 0.146700 ms MarkObjects: 2.557300 ms  DeleteObjects: 0.162600 ms)

========================================================================
Received Prepare
Registering precompiled user dll's ...
Registered in 0.001329 seconds.
Begin MonoManager ReloadAssembly
Native extension for WindowsStandalone target not found
Native extension for WebGL target not found
Refreshing native plugins compatible for Editor in 0.88 ms, found 1 plugins.
Preloading 0 native plugins for Editor in 0.00 ms.
Mono: successfully reloaded assembly
- Completed reload, in  1.047 seconds
Platform modules already initialized, skipping
Refreshing native plugins compatible for Editor in 0.35 ms, found 1 plugins.
Preloading 0 native plugins for Editor in 0.00 ms.
Unloading 1807 Unused Serialized files (Serialized files now loaded: 0)
System memory in use before: 88.4 MB.
System memory in use after: 88.4 MB.

Unloading 12 unused Assets to reduce memory usage. Loaded Objects now: 2341.
Total: 2.411200 ms (FindLiveObjects: 0.190200 ms CreateObjectMapping: 0.089100 ms MarkObjects: 1.997800 ms  DeleteObjects: 0.132000 ms)

========================================================================
Received Prepare
Registering precompiled user dll's ...
Registered in 0.000801 seconds.
Begin MonoManager ReloadAssembly
Native extension for WindowsStandalone target not found
Native extension for WebGL target not found
Refreshing native plugins compatible for Editor in 0.37 ms, found 1 plugins.
Preloading 0 native plugins for Editor in 0.00 ms.
Mono: successfully reloaded assembly
- Completed reload, in  1.130 seconds
Platform modules already initialized, skipping
Refreshing native plugins compatible for Editor in 0.37 ms, found 1 plugins.
Preloading 0 native plugins for Editor in 0.00 ms.
Unloading 1807 Unused Serialized files (Serialized files now loaded: 0)
System memory in use before: 88.4 MB.
System memory in use after: 88.4 MB.

Unloading 12 unused Assets to reduce memory usage. Loaded Objects now: 2345.
Total: 2.275400 ms (FindLiveObjects: 0.251900 ms CreateObjectMapping: 0.119700 ms MarkObjects: 1.779800 ms  DeleteObjects: 0.122300 ms)

========================================================================
Received Prepare
Registering precompiled user dll's ...
Registered in 0.000896 seconds.
Begin MonoManager ReloadAssembly
Native extension for WindowsStandalone target not found
Native extension for WebGL target not found
Refreshing native plugins compatible for Editor in 0.37 ms, found 1 plugins.
Preloading 0 native plugins for Editor in 0.00 ms.
Mono: successfully reloaded assembly
- Completed reload, in  0.995 seconds
Platform modules already initialized, skipping
Refreshing native plugins compatible for Editor in 0.33 ms, found 1 plugins.
Preloading 0 native plugins for Editor in 0.00 ms.
Unloading 1807 Unused Serialized files (Serialized files now loaded: 0)
System memory in use before: 88.4 MB.
System memory in use after: 88.4 MB.

Unloading 12 unused Assets to reduce memory usage. Loaded Objects now: 2349.
Total: 2.937600 ms (FindLiveObjects: 0.198700 ms CreateObjectMapping: 0.135800 ms MarkObjects: 2.483700 ms  DeleteObjects: 0.118000 ms)

========================================================================
Received Prepare
Registering precompiled user dll's ...
Registered in 0.001459 seconds.
Begin MonoManager ReloadAssembly
Native extension for WindowsStandalone target not found
Native extension for WebGL target not found
Refreshing native plugins compatible for Editor in 0.34 ms, found 1 plugins.
Preloading 0 native plugins for Editor in 0.00 ms.
Mono: successfully reloaded assembly
- Completed reload, in  0.988 seconds
Platform modules already initialized, skipping
Refreshing native plugins compatible for Editor in 0.37 ms, found 1 plugins.
Preloading 0 native plugins for Editor in 0.00 ms.
Unloading 1807 Unused Serialized files (Serialized files now loaded: 0)
System memory in use before: 88.4 MB.
System memory in use after: 88.4 MB.

Unloading 12 unused Assets to reduce memory usage. Loaded Objects now: 2353.
Total: 2.438900 ms (FindLiveObjects: 0.236600 ms CreateObjectMapping: 0.097200 ms MarkObjects: 1.987700 ms  DeleteObjects: 0.115900 ms)

========================================================================
Received Prepare
Registering precompiled user dll's ...
Registered in 0.000855 seconds.
Begin MonoManager ReloadAssembly
Native extension for WindowsStandalone target not found
Native extension for WebGL target not found
Refreshing native plugins compatible for Editor in 0.34 ms, found 1 plugins.
Preloading 0 native plugins for Editor in 0.00 ms.
Mono: successfully reloaded assembly
- Completed reload, in  1.019 seconds
Platform modules already initialized, skipping
Refreshing native plugins compatible for Editor in 0.34 ms, found 1 plugins.
Preloading 0 native plugins for Editor in 0.00 ms.
Unloading 1807 Unused Serialized files (Serialized files now loaded: 0)
System memory in use before: 88.4 MB.
System memory in use after: 88.4 MB.

Unloading 12 unused Assets to reduce memory usage. Loaded Objects now: 2357.
Total: 2.393900 ms (FindLiveObjects: 0.231100 ms CreateObjectMapping: 0.148000 ms MarkObjects: 1.887700 ms  DeleteObjects: 0.125400 ms)

========================================================================
Received Prepare
Registering precompiled user dll's ...
Registered in 0.000797 seconds.
Begin MonoManager ReloadAssembly
Native extension for WindowsStandalone target not found
Native extension for WebGL target not found
Refreshing native plugins compatible for Editor in 0.36 ms, found 1 plugins.
Preloading 0 native plugins for Editor in 0.00 ms.
Mono: successfully reloaded assembly
- Completed reload, in  1.077 seconds
Platform modules already initialized, skipping
Refreshing native plugins compatible for Editor in 0.40 ms, found 1 plugins.
Preloading 0 native plugins for Editor in 0.00 ms.
Unloading 1807 Unused Serialized files (Serialized files now loaded: 0)
System memory in use before: 88.4 MB.
System memory in use after: 88.4 MB.

Unloading 12 unused Assets to reduce memory usage. Loaded Objects now: 2361.
Total: 2.496100 ms (FindLiveObjects: 0.416900 ms CreateObjectMapping: 0.153800 ms MarkObjects: 1.803400 ms  DeleteObjects: 0.120600 ms)

========================================================================
Received Prepare
Registering precompiled user dll's ...
Registered in 0.001206 seconds.
Begin MonoManager ReloadAssembly
Native extension for WindowsStandalone target not found
Native extension for WebGL target not found
Refreshing native plugins compatible for Editor in 0.42 ms, found 1 plugins.
Preloading 0 native plugins for Editor in 0.00 ms.
Mono: successfully reloaded assembly
- Completed reload, in  1.037 seconds
Platform modules already initialized, skipping
Refreshing native plugins compatible for Editor in 0.36 ms, found 1 plugins.
Preloading 0 native plugins for Editor in 0.00 ms.
Unloading 1807 Unused Serialized files (Serialized files now loaded: 0)
System memory in use before: 88.5 MB.
System memory in use after: 88.4 MB.

Unloading 12 unused Assets to reduce memory usage. Loaded Objects now: 2365.
Total: 2.347600 ms (FindLiveObjects: 0.303500 ms CreateObjectMapping: 0.112700 ms MarkObjects: 1.788000 ms  DeleteObjects: 0.141500 ms)

========================================================================
Received Import Request.
  Time since last request: 879.561055 seconds.
  path: Assets/scripts/platform.cs
  artifactKey: Guid(59e88706230fdf4479a526c8c5f7fd8d) Importer(815301076,1909f56bfc062723c751e8b465ee728b)
Start importing Assets/scripts/platform.cs using Guid(59e88706230fdf4479a526c8c5f7fd8d) Importer(815301076,1909f56bfc062723c751e8b465ee728b)  -> (artifact id: '2a667261e40a4f0572e706b8dca59cb5') in 0.005656 seconds
  Import took 0.010158 seconds .

========================================================================
Received Import Request.
  Time since last request: 0.778376 seconds.
  path: Assets/scripts/platform.cs
  artifactKey: Guid(59e88706230fdf4479a526c8c5f7fd8d) Importer(815301076,1909f56bfc062723c751e8b465ee728b)
Start importing Assets/scripts/platform.cs using Guid(59e88706230fdf4479a526c8c5f7fd8d) Importer(815301076,1909f56bfc062723c751e8b465ee728b)  -> (artifact id: '2a667261e40a4f0572e706b8dca59cb5') in 0.002905 seconds
  Import took 0.008997 seconds .

========================================================================
Received Prepare
Registering precompiled user dll's ...
Registered in 0.002325 seconds.
Begin MonoManager ReloadAssembly
Native extension for WindowsStandalone target not found
Native extension for WebGL target not found
Refreshing native plugins compatible for Editor in 0.34 ms, found 1 plugins.
Preloading 0 native plugins for Editor in 0.00 ms.
Mono: successfully reloaded assembly
- Completed reload, in  1.040 seconds
Platform modules already initialized, skipping
Refreshing native plugins compatible for Editor in 0.41 ms, found 1 plugins.
Preloading 0 native plugins for Editor in 0.00 ms.
Unloading 1807 Unused Serialized files (Serialized files now loaded: 0)
System memory in use before: 88.5 MB.
System memory in use after: 88.4 MB.

Unloading 12 unused Assets to reduce memory usage. Loaded Objects now: 2369.
Total: 2.250300 ms (FindLiveObjects: 0.239100 ms CreateObjectMapping: 0.107400 ms MarkObjects: 1.783400 ms  DeleteObjects: 0.119100 ms)

========================================================================
Received Import Request.
  Time since last request: 25.400500 seconds.
  path: Assets/scripts/platform.cs
  artifactKey: Guid(59e88706230fdf4479a526c8c5f7fd8d) Importer(815301076,1909f56bfc062723c751e8b465ee728b)
Start importing Assets/scripts/platform.cs using Guid(59e88706230fdf4479a526c8c5f7fd8d) Importer(815301076,1909f56bfc062723c751e8b465ee728b)  -> (artifact id: '9d0db56f9beaaf8eab599ba8b1bb768f') in 0.010015 seconds
  Import took 0.024161 seconds .

========================================================================
Received Import Request.
  Time since last request: 0.033934 seconds.
  path: Assets/scripts/platform.cs
  artifactKey: Guid(59e88706230fdf4479a526c8c5f7fd8d) Importer(815301076,1909f56bfc062723c751e8b465ee728b)
Start importing Assets/scripts/platform.cs using Guid(59e88706230fdf4479a526c8c5f7fd8d) Importer(815301076,1909f56bfc062723c751e8b465ee728b)  -> (artifact id: '9d0db56f9beaaf8eab599ba8b1bb768f') in 0.006076 seconds
  Import took 0.010779 seconds .

========================================================================
Received Prepare
Registering precompiled user dll's ...
Registered in 0.000818 seconds.
Begin MonoManager ReloadAssembly
Native extension for WindowsStandalone target not found
Native extension for WebGL target not found
Refreshing native plugins compatible for Editor in 0.36 ms, found 1 plugins.
Preloading 0 native plugins for Editor in 0.00 ms.
Mono: successfully reloaded assembly
- Completed reload, in  1.001 seconds
Platform modules already initialized, skipping
Refreshing native plugins compatible for Editor in 0.34 ms, found 1 plugins.
Preloading 0 native plugins for Editor in 0.00 ms.
Unloading 1807 Unused Serialized files (Serialized files now loaded: 0)
System memory in use before: 88.5 MB.
System memory in use after: 88.5 MB.

Unloading 12 unused Assets to reduce memory usage. Loaded Objects now: 2373.
Total: 2.384500 ms (FindLiveObjects: 0.263100 ms CreateObjectMapping: 0.105600 ms MarkObjects: 1.901400 ms  DeleteObjects: 0.113200 ms)

========================================================================
Received Import Request.
  Time since last request: 24.247871 seconds.
  path: Assets/scripts/platform.cs
  artifactKey: Guid(59e88706230fdf4479a526c8c5f7fd8d) Importer(815301076,1909f56bfc062723c751e8b465ee728b)
Start importing Assets/scripts/platform.cs using Guid(59e88706230fdf4479a526c8c5f7fd8d) Importer(815301076,1909f56bfc062723c751e8b465ee728b)  -> (artifact id: '0f3207c4cb6252aa065ea9e1fda20df7') in 0.011523 seconds
  Import took 0.016236 seconds .

========================================================================
Received Import Request.
  Time since last request: 0.040563 seconds.
  path: Assets/scripts/platform.cs
  artifactKey: Guid(59e88706230fdf4479a526c8c5f7fd8d) Importer(815301076,1909f56bfc062723c751e8b465ee728b)
Start importing Assets/scripts/platform.cs using Guid(59e88706230fdf4479a526c8c5f7fd8d) Importer(815301076,1909f56bfc062723c751e8b465ee728b)  -> (artifact id: '0f3207c4cb6252aa065ea9e1fda20df7') in 0.022037 seconds
  Import took 0.026134 seconds .

========================================================================
Received Prepare
Registering precompiled user dll's ...
Registered in 0.000834 seconds.
Begin MonoManager ReloadAssembly
Native extension for WindowsStandalone target not found
Native extension for WebGL target not found
Refreshing native plugins compatible for Editor in 0.63 ms, found 1 plugins.
Preloading 0 native plugins for Editor in 0.00 ms.
Mono: successfully reloaded assembly
- Completed reload, in  1.256 seconds
Platform modules already initialized, skipping
Refreshing native plugins compatible for Editor in 0.41 ms, found 1 plugins.
Preloading 0 native plugins for Editor in 0.00 ms.
Unloading 1807 Unused Serialized files (Serialized files now loaded: 0)
System memory in use before: 88.5 MB.
System memory in use after: 88.5 MB.

Unloading 12 unused Assets to reduce memory usage. Loaded Objects now: 2377.
Total: 3.239800 ms (FindLiveObjects: 0.354000 ms CreateObjectMapping: 0.095700 ms MarkObjects: 2.453300 ms  DeleteObjects: 0.334500 ms)

========================================================================
Received Import Request.
  Time since last request: 17.183840 seconds.
  path: Assets/scripts/kontroller.cs
  artifactKey: Guid(58946cc948a45f64b817e8ef58aff8ed) Importer(815301076,1909f56bfc062723c751e8b465ee728b)
Start importing Assets/scripts/kontroller.cs using Guid(58946cc948a45f64b817e8ef58aff8ed) Importer(815301076,1909f56bfc062723c751e8b465ee728b)  -> (artifact id: '3d1db9351b6342d9a852b53d6ad42b3f') in 0.011255 seconds
  Import took 0.015949 seconds .

========================================================================
Received Prepare
Registering precompiled user dll's ...
Registered in 0.000956 seconds.
Begin MonoManager ReloadAssembly
Native extension for WindowsStandalone target not found
Native extension for WebGL target not found
Refreshing native plugins compatible for Editor in 0.47 ms, found 1 plugins.
Preloading 0 native plugins for Editor in 0.00 ms.
Mono: successfully reloaded assembly
- Completed reload, in  1.090 seconds
Platform modules already initialized, skipping
Refreshing native plugins compatible for Editor in 0.33 ms, found 1 plugins.
Preloading 0 native plugins for Editor in 0.00 ms.
Unloading 1807 Unused Serialized files (Serialized files now loaded: 0)
System memory in use before: 88.5 MB.
System memory in use after: 88.5 MB.

Unloading 12 unused Assets to reduce memory usage. Loaded Objects now: 2381.
Total: 2.417500 ms (FindLiveObjects: 0.247900 ms CreateObjectMapping: 0.106200 ms MarkObjects: 1.949900 ms  DeleteObjects: 0.112400 ms)

========================================================================
Received Import Request.
  Time since last request: 199.887621 seconds.
  path: Assets/scripts/kameraTakip.cs
  artifactKey: Guid(5d8ead46f8ea9704f9da02a9f33a9b5d) Importer(815301076,1909f56bfc062723c751e8b465ee728b)
Start importing Assets/scripts/kameraTakip.cs using Guid(5d8ead46f8ea9704f9da02a9f33a9b5d) Importer(815301076,1909f56bfc062723c751e8b465ee728b)  -> (artifact id: '38e022fb31d2d6f578fab7dc9ed0da3f') in 0.005090 seconds
  Import took 0.008810 seconds .

========================================================================
Received Prepare
Registering precompiled user dll's ...
Registered in 0.000835 seconds.
Begin MonoManager ReloadAssembly
Native extension for WindowsStandalone target not found
Native extension for WebGL target not found
Refreshing native plugins compatible for Editor in 0.38 ms, found 1 plugins.
Preloading 0 native plugins for Editor in 0.00 ms.
Mono: successfully reloaded assembly
- Completed reload, in  1.053 seconds
Platform modules already initialized, skipping
Refreshing native plugins compatible for Editor in 0.53 ms, found 1 plugins.
Preloading 0 native plugins for Editor in 0.00 ms.
Unloading 1807 Unused Serialized files (Serialized files now loaded: 0)
System memory in use before: 88.5 MB.
System memory in use after: 88.5 MB.

Unloading 12 unused Assets to reduce memory usage. Loaded Objects now: 2385.
Total: 2.638500 ms (FindLiveObjects: 0.300600 ms CreateObjectMapping: 0.130300 ms MarkObjects: 2.078900 ms  DeleteObjects: 0.127000 ms)

========================================================================
Received Prepare
Registering precompiled user dll's ...
Registered in 0.000837 seconds.
Begin MonoManager ReloadAssembly
Native extension for WindowsStandalone target not found
Native extension for WebGL target not found
Refreshing native plugins compatible for Editor in 0.36 ms, found 1 plugins.
Preloading 0 native plugins for Editor in 0.00 ms.
Mono: successfully reloaded assembly
- Completed reload, in  1.014 seconds
Platform modules already initialized, skipping
Refreshing native plugins compatible for Editor in 0.38 ms, found 1 plugins.
Preloading 0 native plugins for Editor in 0.00 ms.
Unloading 1807 Unused Serialized files (Serialized files now loaded: 0)
System memory in use before: 88.5 MB.
System memory in use after: 88.5 MB.

Unloading 12 unused Assets to reduce memory usage. Loaded Objects now: 2389.
Total: 2.905400 ms (FindLiveObjects: 0.354600 ms CreateObjectMapping: 0.156500 ms MarkObjects: 2.274800 ms  DeleteObjects: 0.117300 ms)

========================================================================
Received Prepare
Registering precompiled user dll's ...
Registered in 0.000796 seconds.
Begin MonoManager ReloadAssembly
Native extension for WindowsStandalone target not found
Native extension for WebGL target not found
Refreshing native plugins compatible for Editor in 0.37 ms, found 1 plugins.
Preloading 0 native plugins for Editor in 0.00 ms.
Mono: successfully reloaded assembly
- Completed reload, in  0.997 seconds
Platform modules already initialized, skipping
Refreshing native plugins compatible for Editor in 0.36 ms, found 1 plugins.
Preloading 0 native plugins for Editor in 0.00 ms.
Unloading 1807 Unused Serialized files (Serialized files now loaded: 0)
System memory in use before: 88.5 MB.
System memory in use after: 88.5 MB.

Unloading 12 unused Assets to reduce memory usage. Loaded Objects now: 2393.
Total: 2.733200 ms (FindLiveObjects: 0.424100 ms CreateObjectMapping: 0.243600 ms MarkObjects: 1.947500 ms  DeleteObjects: 0.116200 ms)

========================================================================
Received Prepare
Registering precompiled user dll's ...
Registered in 0.001917 seconds.
Begin MonoManager ReloadAssembly
Native extension for WindowsStandalone target not found
Native extension for WebGL target not found
Refreshing native plugins compatible for Editor in 0.35 ms, found 1 plugins.
Preloading 0 native plugins for Editor in 0.00 ms.
Mono: successfully reloaded assembly
- Completed reload, in  1.018 seconds
Platform modules already initialized, skipping
Refreshing native plugins compatible for Editor in 0.36 ms, found 1 plugins.
Preloading 0 native plugins for Editor in 0.00 ms.
Unloading 1807 Unused Serialized files (Serialized files now loaded: 0)
System memory in use before: 88.5 MB.
System memory in use after: 88.5 MB.

Unloading 12 unused Assets to reduce memory usage. Loaded Objects now: 2397.
Total: 2.506900 ms (FindLiveObjects: 0.225000 ms CreateObjectMapping: 0.130900 ms MarkObjects: 2.031400 ms  DeleteObjects: 0.118400 ms)

========================================================================
Received Prepare
Registering precompiled user dll's ...
Registered in 0.000852 seconds.
Begin MonoManager ReloadAssembly
Native extension for WindowsStandalone target not found
Native extension for WebGL target not found
Refreshing native plugins compatible for Editor in 0.53 ms, found 1 plugins.
Preloading 0 native plugins for Editor in 0.00 ms.
Mono: successfully reloaded assembly
- Completed reload, in  1.042 seconds
Platform modules already initialized, skipping
Refreshing native plugins compatible for Editor in 0.38 ms, found 1 plugins.
Preloading 0 native plugins for Editor in 0.00 ms.
Unloading 1807 Unused Serialized files (Serialized files now loaded: 0)
System memory in use before: 88.5 MB.
System memory in use after: 88.5 MB.

Unloading 12 unused Assets to reduce memory usage. Loaded Objects now: 2401.
Total: 2.988600 ms (FindLiveObjects: 0.519000 ms CreateObjectMapping: 0.210200 ms MarkObjects: 2.130600 ms  DeleteObjects: 0.127000 ms)

========================================================================
Received Prepare
Registering precompiled user dll's ...
Registered in 0.000998 seconds.
Begin MonoManager ReloadAssembly
Native extension for WindowsStandalone target not found
Native extension for WebGL target not found
Refreshing native plugins compatible for Editor in 0.34 ms, found 1 plugins.
Preloading 0 native plugins for Editor in 0.00 ms.
Mono: successfully reloaded assembly
- Completed reload, in  0.991 seconds
Platform modules already initialized, skipping
Refreshing native plugins compatible for Editor in 0.39 ms, found 1 plugins.
Preloading 0 native plugins for Editor in 0.00 ms.
Unloading 1807 Unused Serialized files (Serialized files now loaded: 0)
System memory in use before: 88.6 MB.
System memory in use after: 88.5 MB.

Unloading 12 unused Assets to reduce memory usage. Loaded Objects now: 2405.
Total: 2.454800 ms (FindLiveObjects: 0.223900 ms CreateObjectMapping: 0.076800 ms MarkObjects: 2.038300 ms  DeleteObjects: 0.114700 ms)

========================================================================
Received Import Request.
  Time since last request: 2754.781145 seconds.
  path: Assets/scripts/gameYonetim.cs
  artifactKey: Guid(4fb71f2c6f7ea134aab5d5013b127b82) Importer(815301076,1909f56bfc062723c751e8b465ee728b)
Start importing Assets/scripts/gameYonetim.cs using Guid(4fb71f2c6f7ea134aab5d5013b127b82) Importer(815301076,1909f56bfc062723c751e8b465ee728b)  -> (artifact id: '0098e57b7e5ab60b2d9c91eec61a5b61') in 0.015250 seconds
  Import took 0.026503 seconds .

========================================================================
Received Import Request.
  Time since last request: 10.756313 seconds.
  path: Assets/scripts/oyunYonetim.cs
  artifactKey: Guid(4fb71f2c6f7ea134aab5d5013b127b82) Importer(815301076,1909f56bfc062723c751e8b465ee728b)
Start importing Assets/scripts/oyunYonetim.cs using Guid(4fb71f2c6f7ea134aab5d5013b127b82) Importer(815301076,1909f56bfc062723c751e8b465ee728b)  -> (artifact id: '4fb04782a00cf325a5a18853a08fa001') in 0.021540 seconds
  Import took 0.041928 seconds .

========================================================================
Received Import Request.
  Time since last request: 0.000463 seconds.
  path: Assets/scripts/oyunYonetim.cs
  artifactKey: Guid(4fb71f2c6f7ea134aab5d5013b127b82) Importer(815301076,1909f56bfc062723c751e8b465ee728b)
Start importing Assets/scripts/oyunYonetim.cs using Guid(4fb71f2c6f7ea134aab5d5013b127b82) Importer(815301076,1909f56bfc062723c751e8b465ee728b)  -> (artifact id: '4fb04782a00cf325a5a18853a08fa001') in 0.020815 seconds
  Import took 0.029621 seconds .

========================================================================
Received Prepare
Registering precompiled user dll's ...
Registered in 0.030057 seconds.
Begin MonoManager ReloadAssembly
Native extension for WindowsStandalone target not found
Native extension for WebGL target not found
Refreshing native plugins compatible for Editor in 0.37 ms, found 1 plugins.
Preloading 0 native plugins for Editor in 0.00 ms.
Mono: successfully reloaded assembly
- Completed reload, in  1.021 seconds
Platform modules already initialized, skipping
Script is not up to date after domain reload: guid(9f1cf85927b9ece4b95a8f497bd2810c) path("Assets/scripts/gameYonetim.cs") state(2)
Refreshing native plugins compatible for Editor in 0.41 ms, found 1 plugins.
Preloading 0 native plugins for Editor in 0.00 ms.
Unloading 1807 Unused Serialized files (Serialized files now loaded: 0)
System memory in use before: 88.6 MB.
System memory in use after: 88.5 MB.

Unloading 12 unused Assets to reduce memory usage. Loaded Objects now: 2409.
Total: 3.263600 ms (FindLiveObjects: 0.656700 ms CreateObjectMapping: 0.133100 ms MarkObjects: 2.324500 ms  DeleteObjects: 0.147100 ms)

========================================================================
Received Prepare
Registering precompiled user dll's ...
Registered in 0.000801 seconds.
Begin MonoManager ReloadAssembly
Native extension for WindowsStandalone target not found
Native extension for WebGL target not found
Refreshing native plugins compatible for Editor in 0.50 ms, found 1 plugins.
Preloading 0 native plugins for Editor in 0.00 ms.
Mono: successfully reloaded assembly
- Completed reload, in  1.074 seconds
Platform modules already initialized, skipping
Refreshing native plugins compatible for Editor in 0.34 ms, found 1 plugins.
Preloading 0 native plugins for Editor in 0.00 ms.
Unloading 1808 Unused Serialized files (Serialized files now loaded: 0)
System memory in use before: 88.6 MB.
System memory in use after: 88.6 MB.

Unloading 12 unused Assets to reduce memory usage. Loaded Objects now: 2414.
Total: 2.377800 ms (FindLiveObjects: 0.293400 ms CreateObjectMapping: 0.077300 ms MarkObjects: 1.887400 ms  DeleteObjects: 0.117800 ms)

========================================================================
Received Import Request.
  Time since last request: 29.163831 seconds.
  path: Assets/scripts/platform.cs
  artifactKey: Guid(59e88706230fdf4479a526c8c5f7fd8d) Importer(815301076,1909f56bfc062723c751e8b465ee728b)
Start importing Assets/scripts/platform.cs using Guid(59e88706230fdf4479a526c8c5f7fd8d) Importer(815301076,1909f56bfc062723c751e8b465ee728b)  -> (artifact id: '183b9b799224b698af15065fb3685ae5') in 0.010477 seconds
  Import took 0.044365 seconds .

========================================================================
Received Prepare
Registering precompiled user dll's ...
Registered in 0.000875 seconds.
Begin MonoManager ReloadAssembly
Native extension for WindowsStandalone target not found
Native extension for WebGL target not found
Refreshing native plugins compatible for Editor in 0.37 ms, found 1 plugins.
Preloading 0 native plugins for Editor in 0.00 ms.
Mono: successfully reloaded assembly
- Completed reload, in  1.048 seconds
Platform modules already initialized, skipping
Refreshing native plugins compatible for Editor in 0.61 ms, found 1 plugins.
Preloading 0 native plugins for Editor in 0.00 ms.
Unloading 1807 Unused Serialized files (Serialized files now loaded: 0)
System memory in use before: 88.6 MB.
System memory in use after: 88.6 MB.

Unloading 13 unused Assets to reduce memory usage. Loaded Objects now: 2417.
Total: 2.576300 ms (FindLiveObjects: 0.185500 ms CreateObjectMapping: 0.077800 ms MarkObjects: 2.116700 ms  DeleteObjects: 0.194800 ms)

========================================================================
Received Import Request.
  Time since last request: 12.437594 seconds.
  path: Assets/scripts/oyunYonetim.cs
  artifactKey: Guid(4fb71f2c6f7ea134aab5d5013b127b82) Importer(815301076,1909f56bfc062723c751e8b465ee728b)
Start importing Assets/scripts/oyunYonetim.cs using Guid(4fb71f2c6f7ea134aab5d5013b127b82) Importer(815301076,1909f56bfc062723c751e8b465ee728b)  -> (artifact id: '2dc8a80e8384f37c4e4819b17fc4ca4f') in 0.019837 seconds
  Import took 0.053910 seconds .

========================================================================
Received Import Request.
  Time since last request: 37.836866 seconds.
  path: Assets/scripts/gameYonetim.cs
  artifactKey: Guid(9f1cf85927b9ece4b95a8f497bd2810c) Importer(815301076,1909f56bfc062723c751e8b465ee728b)
Start importing Assets/scripts/gameYonetim.cs using Guid(9f1cf85927b9ece4b95a8f497bd2810c) Importer(815301076,1909f56bfc062723c751e8b465ee728b)  -> (artifact id: 'dfc9b0c958ebfbdc53ee4005378ef424') in 0.004531 seconds
  Import took 0.028216 seconds .

========================================================================
Received Import Request.
  Time since last request: 0.007820 seconds.
  path: Assets/scripts/gameYonetim.cs
  artifactKey: Guid(9f1cf85927b9ece4b95a8f497bd2810c) Importer(815301076,1909f56bfc062723c751e8b465ee728b)
Start importing Assets/scripts/gameYonetim.cs using Guid(9f1cf85927b9ece4b95a8f497bd2810c) Importer(815301076,1909f56bfc062723c751e8b465ee728b)  -> (artifact id: 'dfc9b0c958ebfbdc53ee4005378ef424') in 0.011823 seconds
  Import took 0.016867 seconds .

========================================================================
Received Prepare
Registering precompiled user dll's ...
Registered in 0.000848 seconds.
Begin MonoManager ReloadAssembly
Native extension for WindowsStandalone target not found
Native extension for WebGL target not found
Refreshing native plugins compatible for Editor in 0.38 ms, found 1 plugins.
Preloading 0 native plugins for Editor in 0.00 ms.
Mono: successfully reloaded assembly
- Completed reload, in  1.084 seconds
Platform modules already initialized, skipping
Refreshing native plugins compatible for Editor in 0.34 ms, found 1 plugins.
Preloading 0 native plugins for Editor in 0.00 ms.
Unloading 1807 Unused Serialized files (Serialized files now loaded: 0)
System memory in use before: 88.6 MB.
System memory in use after: 88.6 MB.

Unloading 13 unused Assets to reduce memory usage. Loaded Objects now: 2421.
Total: 2.981800 ms (FindLiveObjects: 0.748000 ms CreateObjectMapping: 0.103600 ms MarkObjects: 2.013500 ms  DeleteObjects: 0.114800 ms)

========================================================================
Received Prepare
Registering precompiled user dll's ...
Registered in 0.000832 seconds.
Begin MonoManager ReloadAssembly
Native extension for WindowsStandalone target not found
Native extension for WebGL target not found
Refreshing native plugins compatible for Editor in 0.34 ms, found 1 plugins.
Preloading 0 native plugins for Editor in 0.00 ms.
Mono: successfully reloaded assembly
- Completed reload, in  1.199 seconds
Platform modules already initialized, skipping
Refreshing native plugins compatible for Editor in 0.35 ms, found 1 plugins.
Preloading 0 native plugins for Editor in 0.00 ms.
Unloading 1807 Unused Serialized files (Serialized files now loaded: 0)
System memory in use before: 88.6 MB.
System memory in use after: 88.6 MB.

Unloading 12 unused Assets to reduce memory usage. Loaded Objects now: 2425.
Total: 2.464600 ms (FindLiveObjects: 0.292300 ms CreateObjectMapping: 0.094900 ms MarkObjects: 1.943100 ms  DeleteObjects: 0.132400 ms)

========================================================================
Received Prepare
Registering precompiled user dll's ...
Registered in 0.000811 seconds.
Begin MonoManager ReloadAssembly
Native extension for WindowsStandalone target not found
Native extension for WebGL target not found
Refreshing native plugins compatible for Editor in 0.35 ms, found 1 plugins.
Preloading 0 native plugins for Editor in 0.00 ms.
Mono: successfully reloaded assembly
- Completed reload, in  1.015 seconds
Platform modules already initialized, skipping
Refreshing native plugins compatible for Editor in 0.34 ms, found 1 plugins.
Preloading 0 native plugins for Editor in 0.00 ms.
Unloading 1807 Unused Serialized files (Serialized files now loaded: 0)
System memory in use before: 88.6 MB.
System memory in use after: 88.6 MB.

Unloading 12 unused Assets to reduce memory usage. Loaded Objects now: 2429.
Total: 2.399200 ms (FindLiveObjects: 0.269300 ms CreateObjectMapping: 0.092000 ms MarkObjects: 1.929800 ms  DeleteObjects: 0.107000 ms)

========================================================================
Received Import Request.
  Time since last request: 275.341859 seconds.
  path: Assets/prefab/platform.prefab
  artifactKey: Guid(5e4a1082ea9edf7409b1ba8866eb6056) Importer(815301076,1909f56bfc062723c751e8b465ee728b)
Start importing Assets/prefab/platform.prefab using Guid(5e4a1082ea9edf7409b1ba8866eb6056) Importer(815301076,1909f56bfc062723c751e8b465ee728b)  -> (artifact id: '3eb6b0dbf259f319689ab0088b229cf7') in 0.086614 seconds
  Import took 0.114743 seconds .

========================================================================
Received Prepare
Registering precompiled user dll's ...
Registered in 0.000803 seconds.
Begin MonoManager ReloadAssembly
Native extension for WindowsStandalone target not found
Native extension for WebGL target not found
Refreshing native plugins compatible for Editor in 0.33 ms, found 1 plugins.
Preloading 0 native plugins for Editor in 0.00 ms.
Mono: successfully reloaded assembly
- Completed reload, in  0.906 seconds
Platform modules already initialized, skipping
Refreshing native plugins compatible for Editor in 0.32 ms, found 1 plugins.
Preloading 0 native plugins for Editor in 0.00 ms.
Unloading 1807 Unused Serialized files (Serialized files now loaded: 0)
System memory in use before: 88.6 MB.
System memory in use after: 88.6 MB.

Unloading 12 unused Assets to reduce memory usage. Loaded Objects now: 2434.
Total: 2.619200 ms (FindLiveObjects: 0.285200 ms CreateObjectMapping: 0.090500 ms MarkObjects: 2.030100 ms  DeleteObjects: 0.134100 ms)

========================================================================
Received Import Request.
  Time since last request: 198.638171 seconds.
  path: Assets/prefab/Platform.psd
  artifactKey: Guid(f5c3eb5081f7aa84daddca4c3b042840) Importer(815301076,1909f56bfc062723c751e8b465ee728b)
Start importing Assets/prefab/Platform.psd using Guid(f5c3eb5081f7aa84daddca4c3b042840) Importer(815301076,1909f56bfc062723c751e8b465ee728b)  -> (artifact id: '013f8fbf00bc5495a307d3bdb5e51d9b') in 0.079623 seconds
  Import took 0.084180 seconds .

========================================================================
Received Import Request.
  Time since last request: 35.106259 seconds.
  path: Assets/prefab/Platform 1.prefab
  artifactKey: Guid(9bf6a1a9b3d2103428803efbeb5935d0) Importer(815301076,1909f56bfc062723c751e8b465ee728b)
Start importing Assets/prefab/Platform 1.prefab using Guid(9bf6a1a9b3d2103428803efbeb5935d0) Importer(815301076,1909f56bfc062723c751e8b465ee728b)  -> (artifact id: 'b7588db3ac228ef534e56ae71aca35f4') in 0.019885 seconds
  Import took 0.027446 seconds .

========================================================================
Received Import Request.
  Time since last request: 4.416972 seconds.
  path: Assets/prefab/Platform 1.prefab
  artifactKey: Guid(9bf6a1a9b3d2103428803efbeb5935d0) Importer(815301076,1909f56bfc062723c751e8b465ee728b)
Start importing Assets/prefab/Platform 1.prefab using Guid(9bf6a1a9b3d2103428803efbeb5935d0) Importer(815301076,1909f56bfc062723c751e8b465ee728b)  -> (artifact id: 'af5773056b54de2341121356a8a1dea2') in 0.005685 seconds
  Import took 0.016282 seconds .

========================================================================
Received Import Request.
  Time since last request: 0.002462 seconds.
  path: Assets/prefab/Platform 1.prefab
  artifactKey: Guid(9bf6a1a9b3d2103428803efbeb5935d0) Importer(815301076,1909f56bfc062723c751e8b465ee728b)
Start importing Assets/prefab/Platform 1.prefab using Guid(9bf6a1a9b3d2103428803efbeb5935d0) Importer(815301076,1909f56bfc062723c751e8b465ee728b)  -> (artifact id: 'af5773056b54de2341121356a8a1dea2') in 0.007967 seconds
  Import took 0.012332 seconds .

========================================================================
Received Import Request.
  Time since last request: 7.565789 seconds.
  path: Assets/prefab/Platform 1.prefab
  artifactKey: Guid(9bf6a1a9b3d2103428803efbeb5935d0) Importer(815301076,1909f56bfc062723c751e8b465ee728b)
Start importing Assets/prefab/Platform 1.prefab using Guid(9bf6a1a9b3d2103428803efbeb5935d0) Importer(815301076,1909f56bfc062723c751e8b465ee728b)  -> (artifact id: 'e028b2f2de5239d5a22f15495079cc7b') in 0.006763 seconds
  Import took 0.011456 seconds .

========================================================================
Received Import Request.
  Time since last request: 0.002479 seconds.
  path: Assets/prefab/Platform 1.prefab
  artifactKey: Guid(9bf6a1a9b3d2103428803efbeb5935d0) Importer(815301076,1909f56bfc062723c751e8b465ee728b)
Start importing Assets/prefab/Platform 1.prefab using Guid(9bf6a1a9b3d2103428803efbeb5935d0) Importer(815301076,1909f56bfc062723c751e8b465ee728b)  -> (artifact id: 'e028b2f2de5239d5a22f15495079cc7b') in 0.006646 seconds
  Import took 0.011271 seconds .

========================================================================
Received Import Request.
  Time since last request: 4.549572 seconds.
  path: Assets/prefab/Platform 1.prefab
  artifactKey: Guid(9bf6a1a9b3d2103428803efbeb5935d0) Importer(815301076,1909f56bfc062723c751e8b465ee728b)
Start importing Assets/prefab/Platform 1.prefab using Guid(9bf6a1a9b3d2103428803efbeb5935d0) Importer(815301076,1909f56bfc062723c751e8b465ee728b)  -> (artifact id: 'f5bc43c8d7936cedbd22ad3ceaee6ab3') in 0.014903 seconds
  Import took 0.030045 seconds .

========================================================================
Received Import Request.
  Time since last request: 45.347525 seconds.
  path: Assets/prefab/Platform 1.prefab
  artifactKey: Guid(9bf6a1a9b3d2103428803efbeb5935d0) Importer(815301076,1909f56bfc062723c751e8b465ee728b)
Start importing Assets/prefab/Platform 1.prefab using Guid(9bf6a1a9b3d2103428803efbeb5935d0) Importer(815301076,1909f56bfc062723c751e8b465ee728b)  -> (artifact id: 'c97fe9847ceca6a6f56e690c537c982b') in 0.041337 seconds
  Import took 0.045895 seconds .

========================================================================
Received Import Request.
  Time since last request: 79.383283 seconds.
  path: Assets/prefab/Platform 1.prefab
  artifactKey: Guid(9bf6a1a9b3d2103428803efbeb5935d0) Importer(815301076,1909f56bfc062723c751e8b465ee728b)
Start importing Assets/prefab/Platform 1.prefab using Guid(9bf6a1a9b3d2103428803efbeb5935d0) Importer(815301076,1909f56bfc062723c751e8b465ee728b)  -> (artifact id: '35b17b5903f5adad8d27e2eb91dbe746') in 0.026376 seconds
  Import took 0.045466 seconds .

========================================================================
Received Prepare
Registering precompiled user dll's ...
Registered in 0.000831 seconds.
Begin MonoManager ReloadAssembly
Native extension for WindowsStandalone target not found
Native extension for WebGL target not found
Refreshing native plugins compatible for Editor in 0.38 ms, found 1 plugins.
Preloading 0 native plugins for Editor in 0.00 ms.
Mono: successfully reloaded assembly
- Completed reload, in  1.037 seconds
Platform modules already initialized, skipping
Refreshing native plugins compatible for Editor in 0.37 ms, found 1 plugins.
Preloading 0 native plugins for Editor in 0.00 ms.
Unloading 1807 Unused Serialized files (Serialized files now loaded: 0)
System memory in use before: 88.6 MB.
System memory in use after: 88.6 MB.

Unloading 12 unused Assets to reduce memory usage. Loaded Objects now: 2442.
Total: 3.127900 ms (FindLiveObjects: 0.310300 ms CreateObjectMapping: 0.108900 ms MarkObjects: 2.520800 ms  DeleteObjects: 0.186200 ms)

========================================================================
Received Prepare
Registering precompiled user dll's ...
Registered in 0.000814 seconds.
Begin MonoManager ReloadAssembly
Native extension for WindowsStandalone target not found
Native extension for WebGL target not found
Refreshing native plugins compatible for Editor in 0.37 ms, found 1 plugins.
Preloading 0 native plugins for Editor in 0.00 ms.
Mono: successfully reloaded assembly
- Completed reload, in  1.050 seconds
Platform modules already initialized, skipping
Refreshing native plugins compatible for Editor in 0.34 ms, found 1 plugins.
Preloading 0 native plugins for Editor in 0.00 ms.
Unloading 1807 Unused Serialized files (Serialized files now loaded: 0)
System memory in use before: 88.6 MB.
System memory in use after: 88.6 MB.

Unloading 12 unused Assets to reduce memory usage. Loaded Objects now: 2446.
Total: 2.982800 ms (FindLiveObjects: 0.331000 ms CreateObjectMapping: 0.104400 ms MarkObjects: 2.417800 ms  DeleteObjects: 0.127100 ms)

========================================================================
Received Prepare
Registering precompiled user dll's ...
Registered in 0.000805 seconds.
Begin MonoManager ReloadAssembly
Native extension for WindowsStandalone target not found
Native extension for WebGL target not found
Refreshing native plugins compatible for Editor in 0.34 ms, found 1 plugins.
Preloading 0 native plugins for Editor in 0.00 ms.
Mono: successfully reloaded assembly
- Completed reload, in  0.942 seconds
Platform modules already initialized, skipping
Refreshing native plugins compatible for Editor in 0.41 ms, found 1 plugins.
Preloading 0 native plugins for Editor in 0.00 ms.
Unloading 1807 Unused Serialized files (Serialized files now loaded: 0)
System memory in use before: 88.6 MB.
System memory in use after: 88.6 MB.

Unloading 12 unused Assets to reduce memory usage. Loaded Objects now: 2450.
Total: 2.703400 ms (FindLiveObjects: 0.262200 ms CreateObjectMapping: 0.107500 ms MarkObjects: 2.136900 ms  DeleteObjects: 0.195000 ms)

========================================================================
Received Prepare
Registering precompiled user dll's ...
Registered in 0.000810 seconds.
Begin MonoManager ReloadAssembly
Native extension for WindowsStandalone target not found
Native extension for WebGL target not found
Refreshing native plugins compatible for Editor in 0.34 ms, found 1 plugins.
Preloading 0 native plugins for Editor in 0.00 ms.
Mono: successfully reloaded assembly
- Completed reload, in  1.049 seconds
Platform modules already initialized, skipping
Refreshing native plugins compatible for Editor in 0.36 ms, found 1 plugins.
Preloading 0 native plugins for Editor in 0.00 ms.
Unloading 1807 Unused Serialized files (Serialized files now loaded: 0)
System memory in use before: 88.6 MB.
System memory in use after: 88.6 MB.

Unloading 12 unused Assets to reduce memory usage. Loaded Objects now: 2454.
Total: 3.498700 ms (FindLiveObjects: 0.332600 ms CreateObjectMapping: 0.131200 ms MarkObjects: 2.812500 ms  DeleteObjects: 0.220000 ms)

========================================================================
Received Prepare
Registering precompiled user dll's ...
Registered in 0.000807 seconds.
Begin MonoManager ReloadAssembly
Native extension for WindowsStandalone target not found
Native extension for WebGL target not found
Refreshing native plugins compatible for Editor in 0.44 ms, found 1 plugins.
Preloading 0 native plugins for Editor in 0.00 ms.
Mono: successfully reloaded assembly
- Completed reload, in  1.034 seconds
Platform modules already initialized, skipping
Refreshing native plugins compatible for Editor in 0.38 ms, found 1 plugins.
Preloading 0 native plugins for Editor in 0.00 ms.
Unloading 1807 Unused Serialized files (Serialized files now loaded: 0)
System memory in use before: 88.7 MB.
System memory in use after: 88.6 MB.

Unloading 12 unused Assets to reduce memory usage. Loaded Objects now: 2458.
Total: 2.905900 ms (FindLiveObjects: 0.501300 ms CreateObjectMapping: 0.160100 ms MarkObjects: 2.099200 ms  DeleteObjects: 0.143500 ms)

========================================================================
Received Prepare
Registering precompiled user dll's ...
Registered in 0.000857 seconds.
Begin MonoManager ReloadAssembly
Native extension for WindowsStandalone target not found
Native extension for WebGL target not found
Refreshing native plugins compatible for Editor in 0.34 ms, found 1 plugins.
Preloading 0 native plugins for Editor in 0.00 ms.
Mono: successfully reloaded assembly
- Completed reload, in  0.974 seconds
Platform modules already initialized, skipping
Refreshing native plugins compatible for Editor in 0.33 ms, found 1 plugins.
Preloading 0 native plugins for Editor in 0.00 ms.
Unloading 1807 Unused Serialized files (Serialized files now loaded: 0)
System memory in use before: 88.7 MB.
System memory in use after: 88.6 MB.

Unloading 12 unused Assets to reduce memory usage. Loaded Objects now: 2462.
Total: 2.608700 ms (FindLiveObjects: 0.414600 ms CreateObjectMapping: 0.269600 ms MarkObjects: 1.806600 ms  DeleteObjects: 0.116400 ms)

========================================================================
Received Prepare
Registering precompiled user dll's ...
Registered in 0.000838 seconds.
Begin MonoManager ReloadAssembly
Native extension for WindowsStandalone target not found
Native extension for WebGL target not found
Refreshing native plugins compatible for Editor in 0.34 ms, found 1 plugins.
Preloading 0 native plugins for Editor in 0.00 ms.
Mono: successfully reloaded assembly
- Completed reload, in  1.034 seconds
Platform modules already initialized, skipping
Refreshing native plugins compatible for Editor in 0.35 ms, found 1 plugins.
Preloading 0 native plugins for Editor in 0.00 ms.
Unloading 1807 Unused Serialized files (Serialized files now loaded: 0)
System memory in use before: 88.7 MB.
System memory in use after: 88.6 MB.

Unloading 12 unused Assets to reduce memory usage. Loaded Objects now: 2466.
Total: 2.606200 ms (FindLiveObjects: 0.393100 ms CreateObjectMapping: 0.135700 ms MarkObjects: 1.955100 ms  DeleteObjects: 0.120400 ms)

========================================================================
Received Prepare
Registering precompiled user dll's ...
Registered in 0.001376 seconds.
Begin MonoManager ReloadAssembly
Native extension for WindowsStandalone target not found
Native extension for WebGL target not found
Refreshing native plugins compatible for Editor in 0.38 ms, found 1 plugins.
Preloading 0 native plugins for Editor in 0.00 ms.
Mono: successfully reloaded assembly
- Completed reload, in  1.041 seconds
Platform modules already initialized, skipping
Refreshing native plugins compatible for Editor in 0.36 ms, found 1 plugins.
Preloading 0 native plugins for Editor in 0.00 ms.
Unloading 1807 Unused Serialized files (Serialized files now loaded: 0)
System memory in use before: 88.7 MB.
System memory in use after: 88.7 MB.

Unloading 12 unused Assets to reduce memory usage. Loaded Objects now: 2470.
Total: 2.505600 ms (FindLiveObjects: 0.342900 ms CreateObjectMapping: 0.103300 ms MarkObjects: 1.906500 ms  DeleteObjects: 0.150800 ms)

========================================================================
Received Prepare
Registering precompiled user dll's ...
Registered in 0.000925 seconds.
Begin MonoManager ReloadAssembly
Native extension for WindowsStandalone target not found
Native extension for WebGL target not found
Refreshing native plugins compatible for Editor in 0.34 ms, found 1 plugins.
Preloading 0 native plugins for Editor in 0.00 ms.
Mono: successfully reloaded assembly
- Completed reload, in  1.029 seconds
Platform modules already initialized, skipping
Refreshing native plugins compatible for Editor in 0.36 ms, found 1 plugins.
Preloading 0 native plugins for Editor in 0.00 ms.
Unloading 1807 Unused Serialized files (Serialized files now loaded: 0)
System memory in use before: 88.7 MB.
System memory in use after: 88.7 MB.

Unloading 12 unused Assets to reduce memory usage. Loaded Objects now: 2474.
Total: 3.091400 ms (FindLiveObjects: 0.607600 ms CreateObjectMapping: 0.171300 ms MarkObjects: 2.166600 ms  DeleteObjects: 0.143300 ms)

========================================================================
Received Prepare
Registering precompiled user dll's ...
Registered in 0.001087 seconds.
Begin MonoManager ReloadAssembly
Native extension for WindowsStandalone target not found
Native extension for WebGL target not found
Refreshing native plugins compatible for Editor in 0.34 ms, found 1 plugins.
Preloading 0 native plugins for Editor in 0.00 ms.
Mono: successfully reloaded assembly
- Completed reload, in  0.969 seconds
Platform modules already initialized, skipping
Refreshing native plugins compatible for Editor in 0.49 ms, found 1 plugins.
Preloading 0 native plugins for Editor in 0.00 ms.
Unloading 1807 Unused Serialized files (Serialized files now loaded: 0)
System memory in use before: 88.7 MB.
System memory in use after: 88.7 MB.

Unloading 12 unused Assets to reduce memory usage. Loaded Objects now: 2478.
Total: 2.941800 ms (FindLiveObjects: 0.221900 ms CreateObjectMapping: 0.077200 ms MarkObjects: 2.475400 ms  DeleteObjects: 0.165100 ms)

========================================================================
Received Import Request.
  Time since last request: 395.228266 seconds.
  path: Assets/prefab/Platform 1.prefab
  artifactKey: Guid(9bf6a1a9b3d2103428803efbeb5935d0) Importer(815301076,1909f56bfc062723c751e8b465ee728b)
Start importing Assets/prefab/Platform 1.prefab using Guid(9bf6a1a9b3d2103428803efbeb5935d0) Importer(815301076,1909f56bfc062723c751e8b465ee728b)  -> (artifact id: '4153ae0fcd7f5491db3ef239fe3bbd9e') in 0.065891 seconds
  Import took 0.084116 seconds .

========================================================================
Received Prepare
Registering precompiled user dll's ...
Registered in 0.001094 seconds.
Begin MonoManager ReloadAssembly
Native extension for WindowsStandalone target not found
Native extension for WebGL target not found
Refreshing native plugins compatible for Editor in 0.36 ms, found 1 plugins.
Preloading 0 native plugins for Editor in 0.00 ms.
Mono: successfully reloaded assembly
- Completed reload, in  1.155 seconds
Platform modules already initialized, skipping
Refreshing native plugins compatible for Editor in 0.34 ms, found 1 plugins.
Preloading 0 native plugins for Editor in 0.00 ms.
Unloading 1807 Unused Serialized files (Serialized files now loaded: 0)
System memory in use before: 88.7 MB.
System memory in use after: 88.7 MB.

Unloading 12 unused Assets to reduce memory usage. Loaded Objects now: 2483.
Total: 3.153300 ms (FindLiveObjects: 0.341600 ms CreateObjectMapping: 0.175900 ms MarkObjects: 2.440100 ms  DeleteObjects: 0.193300 ms)

AssetImportWorkerClient::OnTransportError - code=2 error=End of file
